[     680ms] [LOG] Device: Proxy(Object) @ https://explore.ownprimland.com/_nuxt/CqkGMVXE.js:240
[     684ms] [LOG] reCAPTCHA plugin loaded successfully @ https://explore.ownprimland.com/_nuxt/CqkGMVXE.js:250
[     772ms] [INFO] <Suspense> is an experimental feature and its API will likely change. @ https://explore.ownprimland.com/_nuxt/CqkGMVXE.js:22
[     844ms] [WARNING] [Vue warn]: Hydration children mismatch on JSHandle@node 
Server rendered element contains fewer child nodes than client vdom. 
  at <Gl> 
  at <Default ref=Ref< undefined > > 
  at <AsyncComponentWrapper ref=Ref< undefined > > 
  at <LayoutLoader key="default" layoutProps= {ref: Jx} name="default" > 
  at <NuxtLayoutProvider layoutProps= {ref: Jx} key="default" name="default"  ... > 
  at <NuxtLayout> 
  at <Anonymous key=4 > 
  at <NuxtRoot> @ https://explore.ownprimland.com/_nuxt/CqkGMVXE.js:4
[     844ms] [ERROR] Hydration completed but contains mismatches. @ https://explore.ownprimland.com/_nuxt/CqkGMVXE.js:5
[     878ms] [WARNING] [Vue warn]: provide() can only be used inside setup(). @ https://explore.ownprimland.com/_nuxt/CqkGMVXE.js:4
[     882ms] [WARNING] [Vue warn]: Failed to resolve component: TresGroup
If this is a native custom element, make sure to exclude it from component resolution via compilerOptions.isCustomElement. 
  at <GlSceneManager> 
  at <App> @ https://explore.ownprimland.com/_nuxt/CqkGMVXE.js:4
[     883ms] [WARNING] [Vue warn]: Failed to resolve component: TresGroup
If this is a native custom element, make sure to exclude it from component resolution via compilerOptions.isCustomElement. 
  at <GlSceneManagerElevation key=0 scene-key="elevation" > 
  at <GlSceneManager> 
  at <App> @ https://explore.ownprimland.com/_nuxt/CqkGMVXE.js:4
[     883ms] [LOG] %c[APP STATE]: loading %c background: #c47002; color: white; padding: 6px 4px;  @ https://explore.ownprimland.com/_nuxt/ELO5HF0P.js:3831
[     959ms] [WARNING] [TresJS ▲ ■ ●] No camera found. Creating a default perspective camera. To have full control over a camera, please add one to the scene. @ https://explore.ownprimland.com/_nuxt/C207zM6W.js:7
[     980ms] [LOG] LOADED:[gltf][elevation-birds-paths] @ https://explore.ownprimland.com/_nuxt/C207zM6W.js:48
[    1180ms] [WARNING] [Vue warn]: onUnmounted is called when there is no active component instance to be associated with. Lifecycle injection APIs can only be used during execution of setup(). If you are using async setup(), make sure to register lifecycle hooks before the first await statement. @ https://explore.ownprimland.com/_nuxt/CqkGMVXE.js:4
[    1183ms] [LOG] LOADED:[texture][cloud-noise] @ https://explore.ownprimland.com/_nuxt/C207zM6W.js:48
[    1183ms] [LOG] LOADED:[texture][clouds] @ https://explore.ownprimland.com/_nuxt/C207zM6W.js:48
[    1183ms] [LOG] LOADED:[texture][turbolence] @ https://explore.ownprimland.com/_nuxt/C207zM6W.js:48
[    1417ms] [LOG] LOADED:[texture][elevation-metalness] @ https://explore.ownprimland.com/_nuxt/C207zM6W.js:48
[    1429ms] [LOG] LOADED:[gltf][bird] @ https://explore.ownprimland.com/_nuxt/C207zM6W.js:48
[    1523ms] [LOG] LOADED:[gltf][bush] @ https://explore.ownprimland.com/_nuxt/C207zM6W.js:48
[    1523ms] [LOG] LOADED:[gltf][tree] @ https://explore.ownprimland.com/_nuxt/C207zM6W.js:48
[    1642ms] [LOG] LOADED:[gainmap][elevation-envmap] @ https://explore.ownprimland.com/_nuxt/C207zM6W.js:48
[    1673ms] [LOG] LOADED:[gltf][elevation-model] @ https://explore.ownprimland.com/_nuxt/C207zM6W.js:48
[    2475ms] [LOG] LOADED:[texture][fern-summer] @ https://explore.ownprimland.com/_nuxt/C207zM6W.js:48
[    2475ms] [LOG] LOADED:[texture][rhododendron-summer] @ https://explore.ownprimland.com/_nuxt/C207zM6W.js:48
[    2478ms] [LOG] LOADED:[texture][treeA-summer] @ https://explore.ownprimland.com/_nuxt/C207zM6W.js:48
[    2481ms] [LOG] LOADED:[texture][treeB-summer] @ https://explore.ownprimland.com/_nuxt/C207zM6W.js:48
[    2481ms] [LOG] LOADED:[texture][treeC-summer] @ https://explore.ownprimland.com/_nuxt/C207zM6W.js:48
[    2741ms] [WARNING] <meta name="apple-mobile-web-app-capable" content="yes"> is deprecated. Please include <meta name="mobile-web-app-capable" content="yes"> @ https://explore.ownprimland.com/:0
[    2831ms] [LOG] LOADED:[texture][elevation-summer-diffuse] @ https://explore.ownprimland.com/_nuxt/C207zM6W.js:48
[    2832ms] [WARNING] [Vue warn]: Failed to resolve component: TresGroup
If this is a native custom element, make sure to exclude it from component resolution via compilerOptions.isCustomElement. 
  at <GlSceneManagerScene scene-key="elevation" resources= [Object, Object, Object, Object, Object, Object] > 
  at <GlSceneManagerElevation key=0 scene-key="elevation" > 
  at <GlSceneManager> 
  at <App> @ https://explore.ownprimland.com/_nuxt/CqkGMVXE.js:4
[    2833ms] [WARNING] [Vue warn]: Failed to resolve component: TresPerspectiveCamera
If this is a native custom element, make sure to exclude it from component resolution via compilerOptions.isCustomElement. 
  at <GlAtomsCamera> 
  at <GlSceneManagerScene scene-key="elevation" resources= [Object, Object, Object, Object, Object, Object] > 
  at <GlSceneManagerElevation key=0 scene-key="elevation" > 
  at <GlSceneManager> 
  at <App> @ https://explore.ownprimland.com/_nuxt/CqkGMVXE.js:4
[    2833ms] [WARNING] [Vue warn]: Failed to resolve component: TresSphereGeometry
If this is a native custom element, make sure to exclude it from component resolution via compilerOptions.isCustomElement. 
  at <GlAtomsCamera> 
  at <GlSceneManagerScene scene-key="elevation" resources= [Object, Object, Object, Object, Object, Object] > 
  at <GlSceneManagerElevation key=0 scene-key="elevation" > 
  at <GlSceneManager> 
  at <App> @ https://explore.ownprimland.com/_nuxt/CqkGMVXE.js:4
[    2833ms] [WARNING] [Vue warn]: Failed to resolve component: TresMeshNormalMaterial
If this is a native custom element, make sure to exclude it from component resolution via compilerOptions.isCustomElement. 
  at <GlAtomsCamera> 
  at <GlSceneManagerScene scene-key="elevation" resources= [Object, Object, Object, Object, Object, Object] > 
  at <GlSceneManagerElevation key=0 scene-key="elevation" > 
  at <GlSceneManager> 
  at <App> @ https://explore.ownprimland.com/_nuxt/CqkGMVXE.js:4
[    2833ms] [WARNING] [Vue warn]: Failed to resolve component: TresMesh
If this is a native custom element, make sure to exclude it from component resolution via compilerOptions.isCustomElement. 
  at <GlAtomsCamera> 
  at <GlSceneManagerScene scene-key="elevation" resources= [Object, Object, Object, Object, Object, Object] > 
  at <GlSceneManagerElevation key=0 scene-key="elevation" > 
  at <GlSceneManager> 
  at <App> @ https://explore.ownprimland.com/_nuxt/CqkGMVXE.js:4
[    2834ms] [WARNING] [Vue warn]: Failed to resolve component: TresGroup
If this is a native custom element, make sure to exclude it from component resolution via compilerOptions.isCustomElement. 
  at <GlAtomsCamera> 
  at <GlSceneManagerScene scene-key="elevation" resources= [Object, Object, Object, Object, Object, Object] > 
  at <GlSceneManagerElevation key=0 scene-key="elevation" > 
  at <GlSceneManager> 
  at <App> @ https://explore.ownprimland.com/_nuxt/CqkGMVXE.js:4
[    2835ms] [WARNING] [Vue warn]: Failed to resolve component: TresGroup
If this is a native custom element, make sure to exclude it from component resolution via compilerOptions.isCustomElement. 
  at <GlAtomsHotspots> 
  at <GlSceneManagerScene scene-key="elevation" resources= [Object, Object, Object, Object, Object, Object] > 
  at <GlSceneManagerElevation key=0 scene-key="elevation" > 
  at <GlSceneManager> 
  at <App> @ https://explore.ownprimland.com/_nuxt/CqkGMVXE.js:4
[    2835ms] [WARNING] [Vue warn]: Failed to resolve component: TresPlaneGeometry
If this is a native custom element, make sure to exclude it from component resolution via compilerOptions.isCustomElement. 
  at <GlAtomsHotspotsItem key=0 index=0 data= {key: Pool & Fitness, position: Array(3)} > 
  at <GlAtomsHotspots> 
  at <GlSceneManagerScene scene-key="elevation" resources= [Object, Object, Object, Object, Object, Object] > 
  at <GlSceneManagerElevation key=0 scene-key="elevation" > 
  at <GlSceneManager> 
  at <App> @ https://explore.ownprimland.com/_nuxt/CqkGMVXE.js:4
[    2835ms] [WARNING] [Vue warn]: Failed to resolve component: TresMeshBasicMaterial
If this is a native custom element, make sure to exclude it from component resolution via compilerOptions.isCustomElement. 
  at <GlAtomsHotspotsItem key=0 index=0 data= {key: Pool & Fitness, position: Array(3)} > 
  at <GlAtomsHotspots> 
  at <GlSceneManagerScene scene-key="elevation" resources= [Object, Object, Object, Object, Object, Object] > 
  at <GlSceneManagerElevation key=0 scene-key="elevation" > 
  at <GlSceneManager> 
  at <App> @ https://explore.ownprimland.com/_nuxt/CqkGMVXE.js:4
[    2835ms] [WARNING] [Vue warn]: Failed to resolve component: TresMesh
If this is a native custom element, make sure to exclude it from component resolution via compilerOptions.isCustomElement. 
  at <GlAtomsHotspotsItem key=0 index=0 data= {key: Pool & Fitness, position: Array(3)} > 
  at <GlAtomsHotspots> 
  at <GlSceneManagerScene scene-key="elevation" resources= [Object, Object, Object, Object, Object, Object] > 
  at <GlSceneManagerElevation key=0 scene-key="elevation" > 
  at <GlSceneManager> 
  at <App> @ https://explore.ownprimland.com/_nuxt/CqkGMVXE.js:4
[    2836ms] [WARNING] [Vue warn]: Failed to resolve component: TresShaderMaterial
If this is a native custom element, make sure to exclude it from component resolution via compilerOptions.isCustomElement. 
  at <GlAtomsHotspotsItem key=0 index=0 data= {key: Pool & Fitness, position: Array(3)} > 
  at <GlAtomsHotspots> 
  at <GlSceneManagerScene scene-key="elevation" resources= [Object, Object, Object, Object, Object, Object] > 
  at <GlSceneManagerElevation key=0 scene-key="elevation" > 
  at <GlSceneManager> 
  at <App> @ https://explore.ownprimland.com/_nuxt/CqkGMVXE.js:4
[    2836ms] [WARNING] [Vue warn]: Failed to resolve component: TresGroup
If this is a native custom element, make sure to exclude it from component resolution via compilerOptions.isCustomElement. 
  at <GlAtomsHotspotsItem key=0 index=0 data= {key: Pool & Fitness, position: Array(3)} > 
  at <GlAtomsHotspots> 
  at <GlSceneManagerScene scene-key="elevation" resources= [Object, Object, Object, Object, Object, Object] > 
  at <GlSceneManagerElevation key=0 scene-key="elevation" > 
  at <GlSceneManager> 
  at <App> @ https://explore.ownprimland.com/_nuxt/CqkGMVXE.js:4
[    2837ms] [WARNING] [Vue warn]: Failed to resolve component: TresPlaneGeometry
If this is a native custom element, make sure to exclude it from component resolution via compilerOptions.isCustomElement. 
  at <GlAtomsHotspotsItem key=1 index=1 data= {key: Stables Saloon, position: Array(3)} > 
  at <GlAtomsHotspots> 
  at <GlSceneManagerScene scene-key="elevation" resources= [Object, Object, Object, Object, Object, Object] > 
  at <GlSceneManagerElevation key=0 scene-key="elevation" > 
  at <GlSceneManager> 
  at <App> @ https://explore.ownprimland.com/_nuxt/CqkGMVXE.js:4
[    2837ms] [WARNING] [Vue warn]: Failed to resolve component: TresMeshBasicMaterial
If this is a native custom element, make sure to exclude it from component resolution via compilerOptions.isCustomElement. 
  at <GlAtomsHotspotsItem key=1 index=1 data= {key: Stables Saloon, position: Array(3)} > 
  at <GlAtomsHotspots> 
  at <GlSceneManagerScene scene-key="elevation" resources= [Object, Object, Object, Object, Object, Object] > 
  at <GlSceneManagerElevation key=0 scene-key="elevation" > 
  at <GlSceneManager> 
  at <App> @ https://explore.ownprimland.com/_nuxt/CqkGMVXE.js:4
[    2837ms] [WARNING] [Vue warn]: Failed to resolve component: TresMesh
If this is a native custom element, make sure to exclude it from component resolution via compilerOptions.isCustomElement. 
  at <GlAtomsHotspotsItem key=1 index=1 data= {key: Stables Saloon, position: Array(3)} > 
  at <GlAtomsHotspots> 
  at <GlSceneManagerScene scene-key="elevation" resources= [Object, Object, Object, Object, Object, Object] > 
  at <GlSceneManagerElevation key=0 scene-key="elevation" > 
  at <GlSceneManager> 
  at <App> @ https://explore.ownprimland.com/_nuxt/CqkGMVXE.js:4
[    2837ms] [WARNING] [Vue warn]: Failed to resolve component: TresShaderMaterial
If this is a native custom element, make sure to exclude it from component resolution via compilerOptions.isCustomElement. 
  at <GlAtomsHotspotsItem key=1 index=1 data= {key: Stables Saloon, position: Array(3)} > 
  at <GlAtomsHotspots> 
  at <GlSceneManagerScene scene-key="elevation" resources= [Object, Object, Object, Object, Object, Object] > 
  at <GlSceneManagerElevation key=0 scene-key="elevation" > 
  at <GlSceneManager> 
  at <App> @ https://explore.ownprimland.com/_nuxt/CqkGMVXE.js:4
[    2837ms] [WARNING] [Vue warn]: Failed to resolve component: TresGroup
If this is a native custom element, make sure to exclude it from component resolution via compilerOptions.isCustomElement. 
  at <GlAtomsHotspotsItem key=1 index=1 data= {key: Stables Saloon, position: Array(3)} > 
  at <GlAtomsHotspots> 
  at <GlSceneManagerScene scene-key="elevation" resources= [Object, Object, Object, Object, Object, Object] > 
  at <GlSceneManagerElevation key=0 scene-key="elevation" > 
  at <GlSceneManager> 
  at <App> @ https://explore.ownprimland.com/_nuxt/CqkGMVXE.js:4
[    2837ms] [WARNING] [Vue warn]: Failed to resolve component: TresPlaneGeometry
If this is a native custom element, make sure to exclude it from component resolution via compilerOptions.isCustomElement. 
  at <GlAtomsHotspotsItem key=2 index=2 data= {key: Auberge Residences, position: Array(3)} > 
  at <GlAtomsHotspots> 
  at <GlSceneManagerScene scene-key="elevation" resources= [Object, Object, Object, Object, Object, Object] > 
  at <GlSceneManagerElevation key=0 scene-key="elevation" > 
  at <GlSceneManager> 
  at <App> @ https://explore.ownprimland.com/_nuxt/CqkGMVXE.js:4
[    2838ms] [WARNING] [Vue warn]: Failed to resolve component: TresMeshBasicMaterial
If this is a native custom element, make sure to exclude it from component resolution via compilerOptions.isCustomElement. 
  at <GlAtomsHotspotsItem key=2 index=2 data= {key: Auberge Residences, position: Array(3)} > 
  at <GlAtomsHotspots> 
  at <GlSceneManagerScene scene-key="elevation" resources= [Object, Object, Object, Object, Object, Object] > 
  at <GlSceneManagerElevation key=0 scene-key="elevation" > 
  at <GlSceneManager> 
  at <App> @ https://explore.ownprimland.com/_nuxt/CqkGMVXE.js:4
[    2838ms] [WARNING] [Vue warn]: Failed to resolve component: TresMesh
If this is a native custom element, make sure to exclude it from component resolution via compilerOptions.isCustomElement. 
  at <GlAtomsHotspotsItem key=2 index=2 data= {key: Auberge Residences, position: Array(3)} > 
  at <GlAtomsHotspots> 
  at <GlSceneManagerScene scene-key="elevation" resources= [Object, Object, Object, Object, Object, Object] > 
  at <GlSceneManagerElevation key=0 scene-key="elevation" > 
  at <GlSceneManager> 
  at <App> @ https://explore.ownprimland.com/_nuxt/CqkGMVXE.js:4
[    2838ms] [WARNING] [Vue warn]: Failed to resolve component: TresShaderMaterial
If this is a native custom element, make sure to exclude it from component resolution via compilerOptions.isCustomElement. 
  at <GlAtomsHotspotsItem key=2 index=2 data= {key: Auberge Residences, position: Array(3)} > 
  at <GlAtomsHotspots> 
  at <GlSceneManagerScene scene-key="elevation" resources= [Object, Object, Object, Object, Object, Object] > 
  at <GlSceneManagerElevation key=0 scene-key="elevation" > 
  at <GlSceneManager> 
  at <App> @ https://explore.ownprimland.com/_nuxt/CqkGMVXE.js:4
[    2838ms] [WARNING] [Vue warn]: Failed to resolve component: TresGroup
If this is a native custom element, make sure to exclude it from component resolution via compilerOptions.isCustomElement. 
  at <GlAtomsHotspotsItem key=2 index=2 data= {key: Auberge Residences, position: Array(3)} > 
  at <GlAtomsHotspots> 
  at <GlSceneManagerScene scene-key="elevation" resources= [Object, Object, Object, Object, Object, Object] > 
  at <GlSceneManagerElevation key=0 scene-key="elevation" > 
  at <GlSceneManager> 
  at <App> @ https://explore.ownprimland.com/_nuxt/CqkGMVXE.js:4
[    2838ms] [WARNING] [Vue warn]: Failed to resolve component: TresPlaneGeometry
If this is a native custom element, make sure to exclude it from component resolution via compilerOptions.isCustomElement. 
  at <GlAtomsHotspotsItem key=3 index=3 data= {key: Custom Estates, position: Array(3)} > 
  at <GlAtomsHotspots> 
  at <GlSceneManagerScene scene-key="elevation" resources= [Object, Object, Object, Object, Object, Object] > 
  at <GlSceneManagerElevation key=0 scene-key="elevation" > 
  at <GlSceneManager> 
  at <App> @ https://explore.ownprimland.com/_nuxt/CqkGMVXE.js:4
[    2838ms] [WARNING] [Vue warn]: Failed to resolve component: TresMeshBasicMaterial
If this is a native custom element, make sure to exclude it from component resolution via compilerOptions.isCustomElement. 
  at <GlAtomsHotspotsItem key=3 index=3 data= {key: Custom Estates, position: Array(3)} > 
  at <GlAtomsHotspots> 
  at <GlSceneManagerScene scene-key="elevation" resources= [Object, Object, Object, Object, Object, Object] > 
  at <GlSceneManagerElevation key=0 scene-key="elevation" > 
  at <GlSceneManager> 
  at <App> @ https://explore.ownprimland.com/_nuxt/CqkGMVXE.js:4
[    2838ms] [WARNING] [Vue warn]: Failed to resolve component: TresMesh
If this is a native custom element, make sure to exclude it from component resolution via compilerOptions.isCustomElement. 
  at <GlAtomsHotspotsItem key=3 index=3 data= {key: Custom Estates, position: Array(3)} > 
  at <GlAtomsHotspots> 
  at <GlSceneManagerScene scene-key="elevation" resources= [Object, Object, Object, Object, Object, Object] > 
  at <GlSceneManagerElevation key=0 scene-key="elevation" > 
  at <GlSceneManager> 
  at <App> @ https://explore.ownprimland.com/_nuxt/CqkGMVXE.js:4
[    2838ms] [WARNING] [Vue warn]: Failed to resolve component: TresShaderMaterial
If this is a native custom element, make sure to exclude it from component resolution via compilerOptions.isCustomElement. 
  at <GlAtomsHotspotsItem key=3 index=3 data= {key: Custom Estates, position: Array(3)} > 
  at <GlAtomsHotspots> 
  at <GlSceneManagerScene scene-key="elevation" resources= [Object, Object, Object, Object, Object, Object] > 
  at <GlSceneManagerElevation key=0 scene-key="elevation" > 
  at <GlSceneManager> 
  at <App> @ https://explore.ownprimland.com/_nuxt/CqkGMVXE.js:4
[    2839ms] [WARNING] [Vue warn]: Failed to resolve component: TresGroup
If this is a native custom element, make sure to exclude it from component resolution via compilerOptions.isCustomElement. 
  at <GlAtomsHotspotsItem key=3 index=3 data= {key: Custom Estates, position: Array(3)} > 
  at <GlAtomsHotspots> 
  at <GlSceneManagerScene scene-key="elevation" resources= [Object, Object, Object, Object, Object, Object] > 
  at <GlSceneManagerElevation key=0 scene-key="elevation" > 
  at <GlSceneManager> 
  at <App> @ https://explore.ownprimland.com/_nuxt/CqkGMVXE.js:4
[    2839ms] [WARNING] [Vue warn]: Failed to resolve component: TresPlaneGeometry
If this is a native custom element, make sure to exclude it from component resolution via compilerOptions.isCustomElement. 
  at <GlAtomsHotspotsItem key=4 index=4 data= {key: Court Side Adventures, position: Array(3)} > 
  at <GlAtomsHotspots> 
  at <GlSceneManagerScene scene-key="elevation" resources= [Object, Object, Object, Object, Object, Object] > 
  at <GlSceneManagerElevation key=0 scene-key="elevation" > 
  at <GlSceneManager> 
  at <App> @ https://explore.ownprimland.com/_nuxt/CqkGMVXE.js:4
[    2839ms] [WARNING] [Vue warn]: Failed to resolve component: TresMeshBasicMaterial
If this is a native custom element, make sure to exclude it from component resolution via compilerOptions.isCustomElement. 
  at <GlAtomsHotspotsItem key=4 index=4 data= {key: Court Side Adventures, position: Array(3)} > 
  at <GlAtomsHotspots> 
  at <GlSceneManagerScene scene-key="elevation" resources= [Object, Object, Object, Object, Object, Object] > 
  at <GlSceneManagerElevation key=0 scene-key="elevation" > 
  at <GlSceneManager> 
  at <App> @ https://explore.ownprimland.com/_nuxt/CqkGMVXE.js:4
[    2839ms] [WARNING] [Vue warn]: Failed to resolve component: TresMesh
If this is a native custom element, make sure to exclude it from component resolution via compilerOptions.isCustomElement. 
  at <GlAtomsHotspotsItem key=4 index=4 data= {key: Court Side Adventures, position: Array(3)} > 
  at <GlAtomsHotspots> 
  at <GlSceneManagerScene scene-key="elevation" resources= [Object, Object, Object, Object, Object, Object] > 
  at <GlSceneManagerElevation key=0 scene-key="elevation" > 
  at <GlSceneManager> 
  at <App> @ https://explore.ownprimland.com/_nuxt/CqkGMVXE.js:4
[    2839ms] [WARNING] [Vue warn]: Failed to resolve component: TresShaderMaterial
If this is a native custom element, make sure to exclude it from component resolution via compilerOptions.isCustomElement. 
  at <GlAtomsHotspotsItem key=4 index=4 data= {key: Court Side Adventures, position: Array(3)} > 
  at <GlAtomsHotspots> 
  at <GlSceneManagerScene scene-key="elevation" resources= [Object, Object, Object, Object, Object, Object] > 
  at <GlSceneManagerElevation key=0 scene-key="elevation" > 
  at <GlSceneManager> 
  at <App> @ https://explore.ownprimland.com/_nuxt/CqkGMVXE.js:4
[    2839ms] [WARNING] [Vue warn]: Failed to resolve component: TresGroup
If this is a native custom element, make sure to exclude it from component resolution via compilerOptions.isCustomElement. 
  at <GlAtomsHotspotsItem key=4 index=4 data= {key: Court Side Adventures, position: Array(3)} > 
  at <GlAtomsHotspots> 
  at <GlSceneManagerScene scene-key="elevation" resources= [Object, Object, Object, Object, Object, Object] > 
  at <GlSceneManagerElevation key=0 scene-key="elevation" > 
  at <GlSceneManager> 
  at <App> @ https://explore.ownprimland.com/_nuxt/CqkGMVXE.js:4
[    2839ms] [WARNING] [Vue warn]: Failed to resolve component: TresPlaneGeometry
If this is a native custom element, make sure to exclude it from component resolution via compilerOptions.isCustomElement. 
  at <GlAtomsHotspotsItem key=5 index=5 data= {key: Paddleboarding, position: Array(3)} > 
  at <GlAtomsHotspots> 
  at <GlSceneManagerScene scene-key="elevation" resources= [Object, Object, Object, Object, Object, Object] > 
  at <GlSceneManagerElevation key=0 scene-key="elevation" > 
  at <GlSceneManager> 
  at <App> @ https://explore.ownprimland.com/_nuxt/CqkGMVXE.js:4
[    2840ms] [WARNING] [Vue warn]: Failed to resolve component: TresMeshBasicMaterial
If this is a native custom element, make sure to exclude it from component resolution via compilerOptions.isCustomElement. 
  at <GlAtomsHotspotsItem key=5 index=5 data= {key: Paddleboarding, position: Array(3)} > 
  at <GlAtomsHotspots> 
  at <GlSceneManagerScene scene-key="elevation" resources= [Object, Object, Object, Object, Object, Object] > 
  at <GlSceneManagerElevation key=0 scene-key="elevation" > 
  at <GlSceneManager> 
  at <App> @ https://explore.ownprimland.com/_nuxt/CqkGMVXE.js:4
[    2840ms] [WARNING] [Vue warn]: Failed to resolve component: TresMesh
If this is a native custom element, make sure to exclude it from component resolution via compilerOptions.isCustomElement. 
  at <GlAtomsHotspotsItem key=5 index=5 data= {key: Paddleboarding, position: Array(3)} > 
  at <GlAtomsHotspots> 
  at <GlSceneManagerScene scene-key="elevation" resources= [Object, Object, Object, Object, Object, Object] > 
  at <GlSceneManagerElevation key=0 scene-key="elevation" > 
  at <GlSceneManager> 
  at <App> @ https://explore.ownprimland.com/_nuxt/CqkGMVXE.js:4
[    2840ms] [WARNING] [Vue warn]: Failed to resolve component: TresShaderMaterial
If this is a native custom element, make sure to exclude it from component resolution via compilerOptions.isCustomElement. 
  at <GlAtomsHotspotsItem key=5 index=5 data= {key: Paddleboarding, position: Array(3)} > 
  at <GlAtomsHotspots> 
  at <GlSceneManagerScene scene-key="elevation" resources= [Object, Object, Object, Object, Object, Object] > 
  at <GlSceneManagerElevation key=0 scene-key="elevation" > 
  at <GlSceneManager> 
  at <App> @ https://explore.ownprimland.com/_nuxt/CqkGMVXE.js:4
[    2840ms] [WARNING] [Vue warn]: Failed to resolve component: TresGroup
If this is a native custom element, make sure to exclude it from component resolution via compilerOptions.isCustomElement. 
  at <GlAtomsHotspotsItem key=5 index=5 data= {key: Paddleboarding, position: Array(3)} > 
  at <GlAtomsHotspots> 
  at <GlSceneManagerScene scene-key="elevation" resources= [Object, Object, Object, Object, Object, Object] > 
  at <GlSceneManagerElevation key=0 scene-key="elevation" > 
  at <GlSceneManager> 
  at <App> @ https://explore.ownprimland.com/_nuxt/CqkGMVXE.js:4
[    2840ms] [WARNING] [Vue warn]: Failed to resolve component: TresPlaneGeometry
If this is a native custom element, make sure to exclude it from component resolution via compilerOptions.isCustomElement. 
  at <GlAtomsHotspotsItem key=6 index=6 data= {key: All-Terrain Exploring, position: Array(3)} > 
  at <GlAtomsHotspots> 
  at <GlSceneManagerScene scene-key="elevation" resources= [Object, Object, Object, Object, Object, Object] > 
  at <GlSceneManagerElevation key=0 scene-key="elevation" > 
  at <GlSceneManager> 
  at <App> @ https://explore.ownprimland.com/_nuxt/CqkGMVXE.js:4
[    2840ms] [WARNING] [Vue warn]: Failed to resolve component: TresMeshBasicMaterial
If this is a native custom element, make sure to exclude it from component resolution via compilerOptions.isCustomElement. 
  at <GlAtomsHotspotsItem key=6 index=6 data= {key: All-Terrain Exploring, position: Array(3)} > 
  at <GlAtomsHotspots> 
  at <GlSceneManagerScene scene-key="elevation" resources= [Object, Object, Object, Object, Object, Object] > 
  at <GlSceneManagerElevation key=0 scene-key="elevation" > 
  at <GlSceneManager> 
  at <App> @ https://explore.ownprimland.com/_nuxt/CqkGMVXE.js:4
[    2840ms] [WARNING] [Vue warn]: Failed to resolve component: TresMesh
If this is a native custom element, make sure to exclude it from component resolution via compilerOptions.isCustomElement. 
  at <GlAtomsHotspotsItem key=6 index=6 data= {key: All-Terrain Exploring, position: Array(3)} > 
  at <GlAtomsHotspots> 
  at <GlSceneManagerScene scene-key="elevation" resources= [Object, Object, Object, Object, Object, Object] > 
  at <GlSceneManagerElevation key=0 scene-key="elevation" > 
  at <GlSceneManager> 
  at <App> @ https://explore.ownprimland.com/_nuxt/CqkGMVXE.js:4
[    2840ms] [WARNING] [Vue warn]: Failed to resolve component: TresShaderMaterial
If this is a native custom element, make sure to exclude it from component resolution via compilerOptions.isCustomElement. 
  at <GlAtomsHotspotsItem key=6 index=6 data= {key: All-Terrain Exploring, position: Array(3)} > 
  at <GlAtomsHotspots> 
  at <GlSceneManagerScene scene-key="elevation" resources= [Object, Object, Object, Object, Object, Object] > 
  at <GlSceneManagerElevation key=0 scene-key="elevation" > 
  at <GlSceneManager> 
  at <App> @ https://explore.ownprimland.com/_nuxt/CqkGMVXE.js:4
[    2841ms] [WARNING] [Vue warn]: Failed to resolve component: TresGroup
If this is a native custom element, make sure to exclude it from component resolution via compilerOptions.isCustomElement. 
  at <GlAtomsHotspotsItem key=6 index=6 data= {key: All-Terrain Exploring, position: Array(3)} > 
  at <GlAtomsHotspots> 
  at <GlSceneManagerScene scene-key="elevation" resources= [Object, Object, Object, Object, Object, Object] > 
  at <GlSceneManagerElevation key=0 scene-key="elevation" > 
  at <GlSceneManager> 
  at <App> @ https://explore.ownprimland.com/_nuxt/CqkGMVXE.js:4
[    2841ms] [WARNING] [Vue warn]: Failed to resolve component: TresPlaneGeometry
If this is a native custom element, make sure to exclude it from component resolution via compilerOptions.isCustomElement. 
  at <GlAtomsHotspotsItem key=7 index=7 data= {key: Pinnacle Cottages, position: Array(3)} > 
  at <GlAtomsHotspots> 
  at <GlSceneManagerScene scene-key="elevation" resources= [Object, Object, Object, Object, Object, Object] > 
  at <GlSceneManagerElevation key=0 scene-key="elevation" > 
  at <GlSceneManager> 
  at <App> @ https://explore.ownprimland.com/_nuxt/CqkGMVXE.js:4
[    2841ms] [WARNING] [Vue warn]: Failed to resolve component: TresMeshBasicMaterial
If this is a native custom element, make sure to exclude it from component resolution via compilerOptions.isCustomElement. 
  at <GlAtomsHotspotsItem key=7 index=7 data= {key: Pinnacle Cottages, position: Array(3)} > 
  at <GlAtomsHotspots> 
  at <GlSceneManagerScene scene-key="elevation" resources= [Object, Object, Object, Object, Object, Object] > 
  at <GlSceneManagerElevation key=0 scene-key="elevation" > 
  at <GlSceneManager> 
  at <App> @ https://explore.ownprimland.com/_nuxt/CqkGMVXE.js:4
[    2841ms] [WARNING] [Vue warn]: Failed to resolve component: TresMesh
If this is a native custom element, make sure to exclude it from component resolution via compilerOptions.isCustomElement. 
  at <GlAtomsHotspotsItem key=7 index=7 data= {key: Pinnacle Cottages, position: Array(3)} > 
  at <GlAtomsHotspots> 
  at <GlSceneManagerScene scene-key="elevation" resources= [Object, Object, Object, Object, Object, Object] > 
  at <GlSceneManagerElevation key=0 scene-key="elevation" > 
  at <GlSceneManager> 
  at <App> @ https://explore.ownprimland.com/_nuxt/CqkGMVXE.js:4
[    2841ms] [WARNING] [Vue warn]: Failed to resolve component: TresShaderMaterial
If this is a native custom element, make sure to exclude it from component resolution via compilerOptions.isCustomElement. 
  at <GlAtomsHotspotsItem key=7 index=7 data= {key: Pinnacle Cottages, position: Array(3)} > 
  at <GlAtomsHotspots> 
  at <GlSceneManagerScene scene-key="elevation" resources= [Object, Object, Object, Object, Object, Object] > 
  at <GlSceneManagerElevation key=0 scene-key="elevation" > 
  at <GlSceneManager> 
  at <App> @ https://explore.ownprimland.com/_nuxt/CqkGMVXE.js:4
[    2841ms] [WARNING] [Vue warn]: Failed to resolve component: TresGroup
If this is a native custom element, make sure to exclude it from component resolution via compilerOptions.isCustomElement. 
  at <GlAtomsHotspotsItem key=7 index=7 data= {key: Pinnacle Cottages, position: Array(3)} > 
  at <GlAtomsHotspots> 
  at <GlSceneManagerScene scene-key="elevation" resources= [Object, Object, Object, Object, Object, Object] > 
  at <GlSceneManagerElevation key=0 scene-key="elevation" > 
  at <GlSceneManager> 
  at <App> @ https://explore.ownprimland.com/_nuxt/CqkGMVXE.js:4
[    2841ms] [WARNING] [Vue warn]: Failed to resolve component: TresPlaneGeometry
If this is a native custom element, make sure to exclude it from component resolution via compilerOptions.isCustomElement. 
  at <GlAtomsHotspotsItem key=8 index=8 data= {key: Yoga, position: Array(3)} > 
  at <GlAtomsHotspots> 
  at <GlSceneManagerScene scene-key="elevation" resources= [Object, Object, Object, Object, Object, Object] > 
  at <GlSceneManagerElevation key=0 scene-key="elevation" > 
  at <GlSceneManager> 
  at <App> @ https://explore.ownprimland.com/_nuxt/CqkGMVXE.js:4
[    2842ms] [WARNING] [Vue warn]: Failed to resolve component: TresMeshBasicMaterial
If this is a native custom element, make sure to exclude it from component resolution via compilerOptions.isCustomElement. 
  at <GlAtomsHotspotsItem key=8 index=8 data= {key: Yoga, position: Array(3)} > 
  at <GlAtomsHotspots> 
  at <GlSceneManagerScene scene-key="elevation" resources= [Object, Object, Object, Object, Object, Object] > 
  at <GlSceneManagerElevation key=0 scene-key="elevation" > 
  at <GlSceneManager> 
  at <App> @ https://explore.ownprimland.com/_nuxt/CqkGMVXE.js:4
[    2842ms] [WARNING] [Vue warn]: Failed to resolve component: TresMesh
If this is a native custom element, make sure to exclude it from component resolution via compilerOptions.isCustomElement. 
  at <GlAtomsHotspotsItem key=8 index=8 data= {key: Yoga, position: Array(3)} > 
  at <GlAtomsHotspots> 
  at <GlSceneManagerScene scene-key="elevation" resources= [Object, Object, Object, Object, Object, Object] > 
  at <GlSceneManagerElevation key=0 scene-key="elevation" > 
  at <GlSceneManager> 
  at <App> @ https://explore.ownprimland.com/_nuxt/CqkGMVXE.js:4
[    2842ms] [WARNING] [Vue warn]: Failed to resolve component: TresShaderMaterial
If this is a native custom element, make sure to exclude it from component resolution via compilerOptions.isCustomElement. 
  at <GlAtomsHotspotsItem key=8 index=8 data= {key: Yoga, position: Array(3)} > 
  at <GlAtomsHotspots> 
  at <GlSceneManagerScene scene-key="elevation" resources= [Object, Object, Object, Object, Object, Object] > 
  at <GlSceneManagerElevation key=0 scene-key="elevation" > 
  at <GlSceneManager> 
  at <App> @ https://explore.ownprimland.com/_nuxt/CqkGMVXE.js:4
[    2842ms] [WARNING] [Vue warn]: Failed to resolve component: TresGroup
If this is a native custom element, make sure to exclude it from component resolution via compilerOptions.isCustomElement. 
  at <GlAtomsHotspotsItem key=8 index=8 data= {key: Yoga, position: Array(3)} > 
  at <GlAtomsHotspots> 
  at <GlSceneManagerScene scene-key="elevation" resources= [Object, Object, Object, Object, Object, Object] > 
  at <GlSceneManagerElevation key=0 scene-key="elevation" > 
  at <GlSceneManager> 
  at <App> @ https://explore.ownprimland.com/_nuxt/CqkGMVXE.js:4
[    2842ms] [WARNING] [Vue warn]: Failed to resolve component: TresPlaneGeometry
If this is a native custom element, make sure to exclude it from component resolution via compilerOptions.isCustomElement. 
  at <GlAtomsHotspotsItem key=9 index=9 data= {key: Woodland Trials, position: Array(3)} > 
  at <GlAtomsHotspots> 
  at <GlSceneManagerScene scene-key="elevation" resources= [Object, Object, Object, Object, Object, Object] > 
  at <GlSceneManagerElevation key=0 scene-key="elevation" > 
  at <GlSceneManager> 
  at <App> @ https://explore.ownprimland.com/_nuxt/CqkGMVXE.js:4
[    2842ms] [WARNING] [Vue warn]: Failed to resolve component: TresMeshBasicMaterial
If this is a native custom element, make sure to exclude it from component resolution via compilerOptions.isCustomElement. 
  at <GlAtomsHotspotsItem key=9 index=9 data= {key: Woodland Trials, position: Array(3)} > 
  at <GlAtomsHotspots> 
  at <GlSceneManagerScene scene-key="elevation" resources= [Object, Object, Object, Object, Object, Object] > 
  at <GlSceneManagerElevation key=0 scene-key="elevation" > 
  at <GlSceneManager> 
  at <App> @ https://explore.ownprimland.com/_nuxt/CqkGMVXE.js:4
[    2842ms] [WARNING] [Vue warn]: Failed to resolve component: TresMesh
If this is a native custom element, make sure to exclude it from component resolution via compilerOptions.isCustomElement. 
  at <GlAtomsHotspotsItem key=9 index=9 data= {key: Woodland Trials, position: Array(3)} > 
  at <GlAtomsHotspots> 
  at <GlSceneManagerScene scene-key="elevation" resources= [Object, Object, Object, Object, Object, Object] > 
  at <GlSceneManagerElevation key=0 scene-key="elevation" > 
  at <GlSceneManager> 
  at <App> @ https://explore.ownprimland.com/_nuxt/CqkGMVXE.js:4
[    2842ms] [WARNING] [Vue warn]: Failed to resolve component: TresShaderMaterial
If this is a native custom element, make sure to exclude it from component resolution via compilerOptions.isCustomElement. 
  at <GlAtomsHotspotsItem key=9 index=9 data= {key: Woodland Trials, position: Array(3)} > 
  at <GlAtomsHotspots> 
  at <GlSceneManagerScene scene-key="elevation" resources= [Object, Object, Object, Object, Object, Object] > 
  at <GlSceneManagerElevation key=0 scene-key="elevation" > 
  at <GlSceneManager> 
  at <App> @ https://explore.ownprimland.com/_nuxt/CqkGMVXE.js:4
[    2842ms] [WARNING] [Vue warn]: Failed to resolve component: TresGroup
If this is a native custom element, make sure to exclude it from component resolution via compilerOptions.isCustomElement. 
  at <GlAtomsHotspotsItem key=9 index=9 data= {key: Woodland Trials, position: Array(3)} > 
  at <GlAtomsHotspots> 
  at <GlSceneManagerScene scene-key="elevation" resources= [Object, Object, Object, Object, Object, Object] > 
  at <GlSceneManagerElevation key=0 scene-key="elevation" > 
  at <GlSceneManager> 
  at <App> @ https://explore.ownprimland.com/_nuxt/CqkGMVXE.js:4
[    2843ms] [WARNING] [Vue warn]: Failed to resolve component: TresPlaneGeometry
If this is a native custom element, make sure to exclude it from component resolution via compilerOptions.isCustomElement. 
  at <GlAtomsHotspotsItem key=10 index=10 data= {key: Horseback Riding, position: Array(3)} > 
  at <GlAtomsHotspots> 
  at <GlSceneManagerScene scene-key="elevation" resources= [Object, Object, Object, Object, Object, Object] > 
  at <GlSceneManagerElevation key=0 scene-key="elevation" > 
  at <GlSceneManager> 
  at <App> @ https://explore.ownprimland.com/_nuxt/CqkGMVXE.js:4
[    2843ms] [WARNING] [Vue warn]: Failed to resolve component: TresMeshBasicMaterial
If this is a native custom element, make sure to exclude it from component resolution via compilerOptions.isCustomElement. 
  at <GlAtomsHotspotsItem key=10 index=10 data= {key: Horseback Riding, position: Array(3)} > 
  at <GlAtomsHotspots> 
  at <GlSceneManagerScene scene-key="elevation" resources= [Object, Object, Object, Object, Object, Object] > 
  at <GlSceneManagerElevation key=0 scene-key="elevation" > 
  at <GlSceneManager> 
  at <App> @ https://explore.ownprimland.com/_nuxt/CqkGMVXE.js:4
[    2843ms] [WARNING] [Vue warn]: Failed to resolve component: TresMesh
If this is a native custom element, make sure to exclude it from component resolution via compilerOptions.isCustomElement. 
  at <GlAtomsHotspotsItem key=10 index=10 data= {key: Horseback Riding, position: Array(3)} > 
  at <GlAtomsHotspots> 
  at <GlSceneManagerScene scene-key="elevation" resources= [Object, Object, Object, Object, Object, Object] > 
  at <GlSceneManagerElevation key=0 scene-key="elevation" > 
  at <GlSceneManager> 
  at <App> @ https://explore.ownprimland.com/_nuxt/CqkGMVXE.js:4
[    2843ms] [WARNING] [Vue warn]: Failed to resolve component: TresShaderMaterial
If this is a native custom element, make sure to exclude it from component resolution via compilerOptions.isCustomElement. 
  at <GlAtomsHotspotsItem key=10 index=10 data= {key: Horseback Riding, position: Array(3)} > 
  at <GlAtomsHotspots> 
  at <GlSceneManagerScene scene-key="elevation" resources= [Object, Object, Object, Object, Object, Object] > 
  at <GlSceneManagerElevation key=0 scene-key="elevation" > 
  at <GlSceneManager> 
  at <App> @ https://explore.ownprimland.com/_nuxt/CqkGMVXE.js:4
[    2843ms] [WARNING] [Vue warn]: Failed to resolve component: TresGroup
If this is a native custom element, make sure to exclude it from component resolution via compilerOptions.isCustomElement. 
  at <GlAtomsHotspotsItem key=10 index=10 data= {key: Horseback Riding, position: Array(3)} > 
  at <GlAtomsHotspots> 
  at <GlSceneManagerScene scene-key="elevation" resources= [Object, Object, Object, Object, Object, Object] > 
  at <GlSceneManagerElevation key=0 scene-key="elevation" > 
  at <GlSceneManager> 
  at <App> @ https://explore.ownprimland.com/_nuxt/CqkGMVXE.js:4
[    2843ms] [WARNING] [Vue warn]: Failed to resolve component: TresPlaneGeometry
If this is a native custom element, make sure to exclude it from component resolution via compilerOptions.isCustomElement. 
  at <GlAtomsHotspotsItem key=11 index=11 data= {key: Award-Winning Golf, position: Array(3)} > 
  at <GlAtomsHotspots> 
  at <GlSceneManagerScene scene-key="elevation" resources= [Object, Object, Object, Object, Object, Object] > 
  at <GlSceneManagerElevation key=0 scene-key="elevation" > 
  at <GlSceneManager> 
  at <App> @ https://explore.ownprimland.com/_nuxt/CqkGMVXE.js:4
[    2843ms] [WARNING] [Vue warn]: Failed to resolve component: TresMeshBasicMaterial
If this is a native custom element, make sure to exclude it from component resolution via compilerOptions.isCustomElement. 
  at <GlAtomsHotspotsItem key=11 index=11 data= {key: Award-Winning Golf, position: Array(3)} > 
  at <GlAtomsHotspots> 
  at <GlSceneManagerScene scene-key="elevation" resources= [Object, Object, Object, Object, Object, Object] > 
  at <GlSceneManagerElevation key=0 scene-key="elevation" > 
  at <GlSceneManager> 
  at <App> @ https://explore.ownprimland.com/_nuxt/CqkGMVXE.js:4
[    2844ms] [WARNING] [Vue warn]: Failed to resolve component: TresMesh
If this is a native custom element, make sure to exclude it from component resolution via compilerOptions.isCustomElement. 
  at <GlAtomsHotspotsItem key=11 index=11 data= {key: Award-Winning Golf, position: Array(3)} > 
  at <GlAtomsHotspots> 
  at <GlSceneManagerScene scene-key="elevation" resources= [Object, Object, Object, Object, Object, Object] > 
  at <GlSceneManagerElevation key=0 scene-key="elevation" > 
  at <GlSceneManager> 
  at <App> @ https://explore.ownprimland.com/_nuxt/CqkGMVXE.js:4
[    2844ms] [WARNING] [Vue warn]: Failed to resolve component: TresShaderMaterial
If this is a native custom element, make sure to exclude it from component resolution via compilerOptions.isCustomElement. 
  at <GlAtomsHotspotsItem key=11 index=11 data= {key: Award-Winning Golf, position: Array(3)} > 
  at <GlAtomsHotspots> 
  at <GlSceneManagerScene scene-key="elevation" resources= [Object, Object, Object, Object, Object, Object] > 
  at <GlSceneManagerElevation key=0 scene-key="elevation" > 
  at <GlSceneManager> 
  at <App> @ https://explore.ownprimland.com/_nuxt/CqkGMVXE.js:4
[    2844ms] [WARNING] [Vue warn]: Failed to resolve component: TresGroup
If this is a native custom element, make sure to exclude it from component resolution via compilerOptions.isCustomElement. 
  at <GlAtomsHotspotsItem key=11 index=11 data= {key: Award-Winning Golf, position: Array(3)} > 
  at <GlAtomsHotspots> 
  at <GlSceneManagerScene scene-key="elevation" resources= [Object, Object, Object, Object, Object, Object] > 
  at <GlSceneManagerElevation key=0 scene-key="elevation" > 
  at <GlSceneManager> 
  at <App> @ https://explore.ownprimland.com/_nuxt/CqkGMVXE.js:4
[    2844ms] [WARNING] [Vue warn]: Failed to resolve component: TresPlaneGeometry
If this is a native custom element, make sure to exclude it from component resolution via compilerOptions.isCustomElement. 
  at <GlAtomsHotspotsItem key=12 index=12 data= {key: Catch & Release Fly Fishing, position: Array(3)} > 
  at <GlAtomsHotspots> 
  at <GlSceneManagerScene scene-key="elevation" resources= [Object, Object, Object, Object, Object, Object] > 
  at <GlSceneManagerElevation key=0 scene-key="elevation" > 
  at <GlSceneManager> 
  at <App> @ https://explore.ownprimland.com/_nuxt/CqkGMVXE.js:4
[    2844ms] [WARNING] [Vue warn]: Failed to resolve component: TresMeshBasicMaterial
If this is a native custom element, make sure to exclude it from component resolution via compilerOptions.isCustomElement. 
  at <GlAtomsHotspotsItem key=12 index=12 data= {key: Catch & Release Fly Fishing, position: Array(3)} > 
  at <GlAtomsHotspots> 
  at <GlSceneManagerScene scene-key="elevation" resources= [Object, Object, Object, Object, Object, Object] > 
  at <GlSceneManagerElevation key=0 scene-key="elevation" > 
  at <GlSceneManager> 
  at <App> @ https://explore.ownprimland.com/_nuxt/CqkGMVXE.js:4
[    2844ms] [WARNING] [Vue warn]: Failed to resolve component: TresMesh
If this is a native custom element, make sure to exclude it from component resolution via compilerOptions.isCustomElement. 
  at <GlAtomsHotspotsItem key=12 index=12 data= {key: Catch & Release Fly Fishing, position: Array(3)} > 
  at <GlAtomsHotspots> 
  at <GlSceneManagerScene scene-key="elevation" resources= [Object, Object, Object, Object, Object, Object] > 
  at <GlSceneManagerElevation key=0 scene-key="elevation" > 
  at <GlSceneManager> 
  at <App> @ https://explore.ownprimland.com/_nuxt/CqkGMVXE.js:4
[    2844ms] [WARNING] [Vue warn]: Failed to resolve component: TresShaderMaterial
If this is a native custom element, make sure to exclude it from component resolution via compilerOptions.isCustomElement. 
  at <GlAtomsHotspotsItem key=12 index=12 data= {key: Catch & Release Fly Fishing, position: Array(3)} > 
  at <GlAtomsHotspots> 
  at <GlSceneManagerScene scene-key="elevation" resources= [Object, Object, Object, Object, Object, Object] > 
  at <GlSceneManagerElevation key=0 scene-key="elevation" > 
  at <GlSceneManager> 
  at <App> @ https://explore.ownprimland.com/_nuxt/CqkGMVXE.js:4
[    2844ms] [WARNING] [Vue warn]: Failed to resolve component: TresGroup
If this is a native custom element, make sure to exclude it from component resolution via compilerOptions.isCustomElement. 
  at <GlAtomsHotspotsItem key=12 index=12 data= {key: Catch & Release Fly Fishing, position: Array(3)} > 
  at <GlAtomsHotspots> 
  at <GlSceneManagerScene scene-key="elevation" resources= [Object, Object, Object, Object, Object, Object] > 
  at <GlSceneManagerElevation key=0 scene-key="elevation" > 
  at <GlSceneManager> 
  at <App> @ https://explore.ownprimland.com/_nuxt/CqkGMVXE.js:4
[    2845ms] [WARNING] [Vue warn]: Failed to resolve component: TresPlaneGeometry
If this is a native custom element, make sure to exclude it from component resolution via compilerOptions.isCustomElement. 
  at <GlAtomsHotspotsItem key=13 index=13 data= {key: The Lodge, position: Array(3)} > 
  at <GlAtomsHotspots> 
  at <GlSceneManagerScene scene-key="elevation" resources= [Object, Object, Object, Object, Object, Object] > 
  at <GlSceneManagerElevation key=0 scene-key="elevation" > 
  at <GlSceneManager> 
  at <App> @ https://explore.ownprimland.com/_nuxt/CqkGMVXE.js:4
[    2845ms] [WARNING] [Vue warn]: Failed to resolve component: TresMeshBasicMaterial
If this is a native custom element, make sure to exclude it from component resolution via compilerOptions.isCustomElement. 
  at <GlAtomsHotspotsItem key=13 index=13 data= {key: The Lodge, position: Array(3)} > 
  at <GlAtomsHotspots> 
  at <GlSceneManagerScene scene-key="elevation" resources= [Object, Object, Object, Object, Object, Object] > 
  at <GlSceneManagerElevation key=0 scene-key="elevation" > 
  at <GlSceneManager> 
  at <App> @ https://explore.ownprimland.com/_nuxt/CqkGMVXE.js:4
[    2845ms] [WARNING] [Vue warn]: Failed to resolve component: TresMesh
If this is a native custom element, make sure to exclude it from component resolution via compilerOptions.isCustomElement. 
  at <GlAtomsHotspotsItem key=13 index=13 data= {key: The Lodge, position: Array(3)} > 
  at <GlAtomsHotspots> 
  at <GlSceneManagerScene scene-key="elevation" resources= [Object, Object, Object, Object, Object, Object] > 
  at <GlSceneManagerElevation key=0 scene-key="elevation" > 
  at <GlSceneManager> 
  at <App> @ https://explore.ownprimland.com/_nuxt/CqkGMVXE.js:4
[    2845ms] [WARNING] [Vue warn]: Failed to resolve component: TresShaderMaterial
If this is a native custom element, make sure to exclude it from component resolution via compilerOptions.isCustomElement. 
  at <GlAtomsHotspotsItem key=13 index=13 data= {key: The Lodge, position: Array(3)} > 
  at <GlAtomsHotspots> 
  at <GlSceneManagerScene scene-key="elevation" resources= [Object, Object, Object, Object, Object, Object] > 
  at <GlSceneManagerElevation key=0 scene-key="elevation" > 
  at <GlSceneManager> 
  at <App> @ https://explore.ownprimland.com/_nuxt/CqkGMVXE.js:4
[    2845ms] [WARNING] [Vue warn]: Failed to resolve component: TresGroup
If this is a native custom element, make sure to exclude it from component resolution via compilerOptions.isCustomElement. 
  at <GlAtomsHotspotsItem key=13 index=13 data= {key: The Lodge, position: Array(3)} > 
  at <GlAtomsHotspots> 
  at <GlSceneManagerScene scene-key="elevation" resources= [Object, Object, Object, Object, Object, Object] > 
  at <GlSceneManagerElevation key=0 scene-key="elevation" > 
  at <GlSceneManager> 
  at <App> @ https://explore.ownprimland.com/_nuxt/CqkGMVXE.js:4
[    2845ms] [WARNING] [Vue warn]: Failed to resolve component: TresPlaneGeometry
If this is a native custom element, make sure to exclude it from component resolution via compilerOptions.isCustomElement. 
  at <GlAtomsHotspotsItem key=14 index=14 data= {key: Tree Houses, position: Array(3)} > 
  at <GlAtomsHotspots> 
  at <GlSceneManagerScene scene-key="elevation" resources= [Object, Object, Object, Object, Object, Object] > 
  at <GlSceneManagerElevation key=0 scene-key="elevation" > 
  at <GlSceneManager> 
  at <App> @ https://explore.ownprimland.com/_nuxt/CqkGMVXE.js:4
[    2845ms] [WARNING] [Vue warn]: Failed to resolve component: TresMeshBasicMaterial
If this is a native custom element, make sure to exclude it from component resolution via compilerOptions.isCustomElement. 
  at <GlAtomsHotspotsItem key=14 index=14 data= {key: Tree Houses, position: Array(3)} > 
  at <GlAtomsHotspots> 
  at <GlSceneManagerScene scene-key="elevation" resources= [Object, Object, Object, Object, Object, Object] > 
  at <GlSceneManagerElevation key=0 scene-key="elevation" > 
  at <GlSceneManager> 
  at <App> @ https://explore.ownprimland.com/_nuxt/CqkGMVXE.js:4
[    2845ms] [WARNING] [Vue warn]: Failed to resolve component: TresMesh
If this is a native custom element, make sure to exclude it from component resolution via compilerOptions.isCustomElement. 
  at <GlAtomsHotspotsItem key=14 index=14 data= {key: Tree Houses, position: Array(3)} > 
  at <GlAtomsHotspots> 
  at <GlSceneManagerScene scene-key="elevation" resources= [Object, Object, Object, Object, Object, Object] > 
  at <GlSceneManagerElevation key=0 scene-key="elevation" > 
  at <GlSceneManager> 
  at <App> @ https://explore.ownprimland.com/_nuxt/CqkGMVXE.js:4
[    2846ms] [WARNING] [Vue warn]: Failed to resolve component: TresShaderMaterial
If this is a native custom element, make sure to exclude it from component resolution via compilerOptions.isCustomElement. 
  at <GlAtomsHotspotsItem key=14 index=14 data= {key: Tree Houses, position: Array(3)} > 
  at <GlAtomsHotspots> 
  at <GlSceneManagerScene scene-key="elevation" resources= [Object, Object, Object, Object, Object, Object] > 
  at <GlSceneManagerElevation key=0 scene-key="elevation" > 
  at <GlSceneManager> 
  at <App> @ https://explore.ownprimland.com/_nuxt/CqkGMVXE.js:4
[    2846ms] [WARNING] [Vue warn]: Failed to resolve component: TresGroup
If this is a native custom element, make sure to exclude it from component resolution via compilerOptions.isCustomElement. 
  at <GlAtomsHotspotsItem key=14 index=14 data= {key: Tree Houses, position: Array(3)} > 
  at <GlAtomsHotspots> 
  at <GlSceneManagerScene scene-key="elevation" resources= [Object, Object, Object, Object, Object, Object] > 
  at <GlSceneManagerElevation key=0 scene-key="elevation" > 
  at <GlSceneManager> 
  at <App> @ https://explore.ownprimland.com/_nuxt/CqkGMVXE.js:4
[    2846ms] [WARNING] [Vue warn]: Failed to resolve component: TresPlaneGeometry
If this is a native custom element, make sure to exclude it from component resolution via compilerOptions.isCustomElement. 
  at <GlAtomsHotspotsItem key=15 index=15 data= {key: Moonshine Tales, position: Array(3)} > 
  at <GlAtomsHotspots> 
  at <GlSceneManagerScene scene-key="elevation" resources= [Object, Object, Object, Object, Object, Object] > 
  at <GlSceneManagerElevation key=0 scene-key="elevation" > 
  at <GlSceneManager> 
  at <App> @ https://explore.ownprimland.com/_nuxt/CqkGMVXE.js:4
[    2846ms] [WARNING] [Vue warn]: Failed to resolve component: TresMeshBasicMaterial
If this is a native custom element, make sure to exclude it from component resolution via compilerOptions.isCustomElement. 
  at <GlAtomsHotspotsItem key=15 index=15 data= {key: Moonshine Tales, position: Array(3)} > 
  at <GlAtomsHotspots> 
  at <GlSceneManagerScene scene-key="elevation" resources= [Object, Object, Object, Object, Object, Object] > 
  at <GlSceneManagerElevation key=0 scene-key="elevation" > 
  at <GlSceneManager> 
  at <App> @ https://explore.ownprimland.com/_nuxt/CqkGMVXE.js:4
[    2846ms] [WARNING] [Vue warn]: Failed to resolve component: TresMesh
If this is a native custom element, make sure to exclude it from component resolution via compilerOptions.isCustomElement. 
  at <GlAtomsHotspotsItem key=15 index=15 data= {key: Moonshine Tales, position: Array(3)} > 
  at <GlAtomsHotspots> 
  at <GlSceneManagerScene scene-key="elevation" resources= [Object, Object, Object, Object, Object, Object] > 
  at <GlSceneManagerElevation key=0 scene-key="elevation" > 
  at <GlSceneManager> 
  at <App> @ https://explore.ownprimland.com/_nuxt/CqkGMVXE.js:4
[    2846ms] [WARNING] [Vue warn]: Failed to resolve component: TresShaderMaterial
If this is a native custom element, make sure to exclude it from component resolution via compilerOptions.isCustomElement. 
  at <GlAtomsHotspotsItem key=15 index=15 data= {key: Moonshine Tales, position: Array(3)} > 
  at <GlAtomsHotspots> 
  at <GlSceneManagerScene scene-key="elevation" resources= [Object, Object, Object, Object, Object, Object] > 
  at <GlSceneManagerElevation key=0 scene-key="elevation" > 
  at <GlSceneManager> 
  at <App> @ https://explore.ownprimland.com/_nuxt/CqkGMVXE.js:4
[    2846ms] [WARNING] [Vue warn]: Failed to resolve component: TresGroup
If this is a native custom element, make sure to exclude it from component resolution via compilerOptions.isCustomElement. 
  at <GlAtomsHotspotsItem key=15 index=15 data= {key: Moonshine Tales, position: Array(3)} > 
  at <GlAtomsHotspots> 
  at <GlSceneManagerScene scene-key="elevation" resources= [Object, Object, Object, Object, Object, Object] > 
  at <GlSceneManagerElevation key=0 scene-key="elevation" > 
  at <GlSceneManager> 
  at <App> @ https://explore.ownprimland.com/_nuxt/CqkGMVXE.js:4
[    2846ms] [WARNING] [Vue warn]: Failed to resolve component: TresPlaneGeometry
If this is a native custom element, make sure to exclude it from component resolution via compilerOptions.isCustomElement. 
  at <GlAtomsHotspotsItem key=16 index=16 data= {key: Shooting, position: Array(3)} > 
  at <GlAtomsHotspots> 
  at <GlSceneManagerScene scene-key="elevation" resources= [Object, Object, Object, Object, Object, Object] > 
  at <GlSceneManagerElevation key=0 scene-key="elevation" > 
  at <GlSceneManager> 
  at <App> @ https://explore.ownprimland.com/_nuxt/CqkGMVXE.js:4
[    2847ms] [WARNING] [Vue warn]: Failed to resolve component: TresMeshBasicMaterial
If this is a native custom element, make sure to exclude it from component resolution via compilerOptions.isCustomElement. 
  at <GlAtomsHotspotsItem key=16 index=16 data= {key: Shooting, position: Array(3)} > 
  at <GlAtomsHotspots> 
  at <GlSceneManagerScene scene-key="elevation" resources= [Object, Object, Object, Object, Object, Object] > 
  at <GlSceneManagerElevation key=0 scene-key="elevation" > 
  at <GlSceneManager> 
  at <App> @ https://explore.ownprimland.com/_nuxt/CqkGMVXE.js:4
[    2847ms] [WARNING] [Vue warn]: Failed to resolve component: TresMesh
If this is a native custom element, make sure to exclude it from component resolution via compilerOptions.isCustomElement. 
  at <GlAtomsHotspotsItem key=16 index=16 data= {key: Shooting, position: Array(3)} > 
  at <GlAtomsHotspots> 
  at <GlSceneManagerScene scene-key="elevation" resources= [Object, Object, Object, Object, Object, Object] > 
  at <GlSceneManagerElevation key=0 scene-key="elevation" > 
  at <GlSceneManager> 
  at <App> @ https://explore.ownprimland.com/_nuxt/CqkGMVXE.js:4
[    2847ms] [WARNING] [Vue warn]: Failed to resolve component: TresShaderMaterial
If this is a native custom element, make sure to exclude it from component resolution via compilerOptions.isCustomElement. 
  at <GlAtomsHotspotsItem key=16 index=16 data= {key: Shooting, position: Array(3)} > 
  at <GlAtomsHotspots> 
  at <GlSceneManagerScene scene-key="elevation" resources= [Object, Object, Object, Object, Object, Object] > 
  at <GlSceneManagerElevation key=0 scene-key="elevation" > 
  at <GlSceneManager> 
  at <App> @ https://explore.ownprimland.com/_nuxt/CqkGMVXE.js:4
[    2847ms] [WARNING] [Vue warn]: Failed to resolve component: TresGroup
If this is a native custom element, make sure to exclude it from component resolution via compilerOptions.isCustomElement. 
  at <GlAtomsHotspotsItem key=16 index=16 data= {key: Shooting, position: Array(3)} > 
  at <GlAtomsHotspots> 
  at <GlSceneManagerScene scene-key="elevation" resources= [Object, Object, Object, Object, Object, Object] > 
  at <GlSceneManagerElevation key=0 scene-key="elevation" > 
  at <GlSceneManager> 
  at <App> @ https://explore.ownprimland.com/_nuxt/CqkGMVXE.js:4
[    2847ms] [WARNING] [Vue warn]: Failed to resolve component: primitive
If this is a native custom element, make sure to exclude it from component resolution via compilerOptions.isCustomElement. 
  at <GlAtomsBasicMap> 
  at <GlSceneManagerScene scene-key="elevation" resources= [Object, Object, Object, Object, Object, Object] > 
  at <GlSceneManagerElevation key=0 scene-key="elevation" > 
  at <GlSceneManager> 
  at <App> @ https://explore.ownprimland.com/_nuxt/CqkGMVXE.js:4
[    2863ms] [WARNING] [Vue warn]: Failed to resolve component: TresPlaneGeometry
If this is a native custom element, make sure to exclude it from component resolution via compilerOptions.isCustomElement. 
  at <GlAtomsClouds> 
  at <GlSceneManagerScene scene-key="elevation" resources= [Object, Object, Object, Object, Object, Object] > 
  at <GlSceneManagerElevation key=0 scene-key="elevation" > 
  at <GlSceneManager> 
  at <App> @ https://explore.ownprimland.com/_nuxt/CqkGMVXE.js:4
[    2864ms] [WARNING] [Vue warn]: Failed to resolve component: TresShaderMaterial
If this is a native custom element, make sure to exclude it from component resolution via compilerOptions.isCustomElement. 
  at <GlAtomsClouds> 
  at <GlSceneManagerScene scene-key="elevation" resources= [Object, Object, Object, Object, Object, Object] > 
  at <GlSceneManagerElevation key=0 scene-key="elevation" > 
  at <GlSceneManager> 
  at <App> @ https://explore.ownprimland.com/_nuxt/CqkGMVXE.js:4
[    2864ms] [WARNING] [Vue warn]: Failed to resolve component: TresInstancedMesh
If this is a native custom element, make sure to exclude it from component resolution via compilerOptions.isCustomElement. 
  at <GlAtomsClouds> 
  at <GlSceneManagerScene scene-key="elevation" resources= [Object, Object, Object, Object, Object, Object] > 
  at <GlSceneManagerElevation key=0 scene-key="elevation" > 
  at <GlSceneManager> 
  at <App> @ https://explore.ownprimland.com/_nuxt/CqkGMVXE.js:4
[    2865ms] [WARNING] [Vue warn]: Failed to resolve component: TresGroup
If this is a native custom element, make sure to exclude it from component resolution via compilerOptions.isCustomElement. 
  at <GlAtomsBirds> 
  at <GlSceneManagerScene scene-key="elevation" resources= [Object, Object, Object, Object, Object, Object] > 
  at <GlSceneManagerElevation key=0 scene-key="elevation" > 
  at <GlSceneManager> 
  at <App> @ https://explore.ownprimland.com/_nuxt/CqkGMVXE.js:4
[    2865ms] [WARNING] [Vue warn]: Failed to resolve component: TresPlaneGeometry
If this is a native custom element, make sure to exclude it from component resolution via compilerOptions.isCustomElement. 
  at <GlAtomsBirdsBird key= {i: 0} data= {path: birds-1, duration: 120, initialShift: 20, modelShift: Array(3), shiftPositions: Array(4)} color-instance= ve > 
  at <GlAtomsBirds> 
  at <GlSceneManagerScene scene-key="elevation" resources= [Object, Object, Object, Object, Object, Object] > 
  at <GlSceneManagerElevation key=0 scene-key="elevation" > 
  at <GlSceneManager> 
  at <App> @ https://explore.ownprimland.com/_nuxt/CqkGMVXE.js:4
[    2865ms] [WARNING] [Vue warn]: Failed to resolve component: TresShaderMaterial
If this is a native custom element, make sure to exclude it from component resolution via compilerOptions.isCustomElement. 
  at <GlAtomsBirdsBird key= {i: 0} data= {path: birds-1, duration: 120, initialShift: 20, modelShift: Array(3), shiftPositions: Array(4)} color-instance= ve > 
  at <GlAtomsBirds> 
  at <GlSceneManagerScene scene-key="elevation" resources= [Object, Object, Object, Object, Object, Object] > 
  at <GlSceneManagerElevation key=0 scene-key="elevation" > 
  at <GlSceneManager> 
  at <App> @ https://explore.ownprimland.com/_nuxt/CqkGMVXE.js:4
[    2866ms] [WARNING] [Vue warn]: Failed to resolve component: TresInstancedMesh
If this is a native custom element, make sure to exclude it from component resolution via compilerOptions.isCustomElement. 
  at <GlAtomsBirdsBird key= {i: 0} data= {path: birds-1, duration: 120, initialShift: 20, modelShift: Array(3), shiftPositions: Array(4)} color-instance= ve > 
  at <GlAtomsBirds> 
  at <GlSceneManagerScene scene-key="elevation" resources= [Object, Object, Object, Object, Object, Object] > 
  at <GlSceneManagerElevation key=0 scene-key="elevation" > 
  at <GlSceneManager> 
  at <App> @ https://explore.ownprimland.com/_nuxt/CqkGMVXE.js:4
[    2866ms] [WARNING] [Vue warn]: Failed to resolve component: TresPlaneGeometry
If this is a native custom element, make sure to exclude it from component resolution via compilerOptions.isCustomElement. 
  at <GlAtomsBirdsBird key= {i: 1} data= {path: birds-1, duration: 120, initialShift: 50, modelShift: Array(3), shiftPositions: Array(5)} color-instance= ve > 
  at <GlAtomsBirds> 
  at <GlSceneManagerScene scene-key="elevation" resources= [Object, Object, Object, Object, Object, Object] > 
  at <GlSceneManagerElevation key=0 scene-key="elevation" > 
  at <GlSceneManager> 
  at <App> @ https://explore.ownprimland.com/_nuxt/CqkGMVXE.js:4
[    2866ms] [WARNING] [Vue warn]: Failed to resolve component: TresShaderMaterial
If this is a native custom element, make sure to exclude it from component resolution via compilerOptions.isCustomElement. 
  at <GlAtomsBirdsBird key= {i: 1} data= {path: birds-1, duration: 120, initialShift: 50, modelShift: Array(3), shiftPositions: Array(5)} color-instance= ve > 
  at <GlAtomsBirds> 
  at <GlSceneManagerScene scene-key="elevation" resources= [Object, Object, Object, Object, Object, Object] > 
  at <GlSceneManagerElevation key=0 scene-key="elevation" > 
  at <GlSceneManager> 
  at <App> @ https://explore.ownprimland.com/_nuxt/CqkGMVXE.js:4
[    2866ms] [WARNING] [Vue warn]: Failed to resolve component: TresInstancedMesh
If this is a native custom element, make sure to exclude it from component resolution via compilerOptions.isCustomElement. 
  at <GlAtomsBirdsBird key= {i: 1} data= {path: birds-1, duration: 120, initialShift: 50, modelShift: Array(3), shiftPositions: Array(5)} color-instance= ve > 
  at <GlAtomsBirds> 
  at <GlSceneManagerScene scene-key="elevation" resources= [Object, Object, Object, Object, Object, Object] > 
  at <GlSceneManagerElevation key=0 scene-key="elevation" > 
  at <GlSceneManager> 
  at <App> @ https://explore.ownprimland.com/_nuxt/CqkGMVXE.js:4
[    2867ms] [WARNING] [Vue warn]: Failed to resolve component: TresPlaneGeometry
If this is a native custom element, make sure to exclude it from component resolution via compilerOptions.isCustomElement. 
  at <GlAtomsBirdsBird key= {i: 2} data= {path: birds-1, duration: 120, initialShift: 70, modelShift: Array(3), shiftPositions: Array(4)} color-instance= ve > 
  at <GlAtomsBirds> 
  at <GlSceneManagerScene scene-key="elevation" resources= [Object, Object, Object, Object, Object, Object] > 
  at <GlSceneManagerElevation key=0 scene-key="elevation" > 
  at <GlSceneManager> 
  at <App> @ https://explore.ownprimland.com/_nuxt/CqkGMVXE.js:4
[    2867ms] [WARNING] [Vue warn]: Failed to resolve component: TresShaderMaterial
If this is a native custom element, make sure to exclude it from component resolution via compilerOptions.isCustomElement. 
  at <GlAtomsBirdsBird key= {i: 2} data= {path: birds-1, duration: 120, initialShift: 70, modelShift: Array(3), shiftPositions: Array(4)} color-instance= ve > 
  at <GlAtomsBirds> 
  at <GlSceneManagerScene scene-key="elevation" resources= [Object, Object, Object, Object, Object, Object] > 
  at <GlSceneManagerElevation key=0 scene-key="elevation" > 
  at <GlSceneManager> 
  at <App> @ https://explore.ownprimland.com/_nuxt/CqkGMVXE.js:4
[    2867ms] [WARNING] [Vue warn]: Failed to resolve component: TresInstancedMesh
If this is a native custom element, make sure to exclude it from component resolution via compilerOptions.isCustomElement. 
  at <GlAtomsBirdsBird key= {i: 2} data= {path: birds-1, duration: 120, initialShift: 70, modelShift: Array(3), shiftPositions: Array(4)} color-instance= ve > 
  at <GlAtomsBirds> 
  at <GlSceneManagerScene scene-key="elevation" resources= [Object, Object, Object, Object, Object, Object] > 
  at <GlSceneManagerElevation key=0 scene-key="elevation" > 
  at <GlSceneManager> 
  at <App> @ https://explore.ownprimland.com/_nuxt/CqkGMVXE.js:4
[    2867ms] [WARNING] [Vue warn]: Failed to resolve component: TresPlaneGeometry
If this is a native custom element, make sure to exclude it from component resolution via compilerOptions.isCustomElement. 
  at <GlAtomsBirdsBird key= {i: 3} data= {path: birds-1, duration: 120, initialShift: 90, modelShift: Array(3), shiftPositions: Array(5)} color-instance= ve > 
  at <GlAtomsBirds> 
  at <GlSceneManagerScene scene-key="elevation" resources= [Object, Object, Object, Object, Object, Object] > 
  at <GlSceneManagerElevation key=0 scene-key="elevation" > 
  at <GlSceneManager> 
  at <App> @ https://explore.ownprimland.com/_nuxt/CqkGMVXE.js:4
[    2867ms] [WARNING] [Vue warn]: Failed to resolve component: TresShaderMaterial
If this is a native custom element, make sure to exclude it from component resolution via compilerOptions.isCustomElement. 
  at <GlAtomsBirdsBird key= {i: 3} data= {path: birds-1, duration: 120, initialShift: 90, modelShift: Array(3), shiftPositions: Array(5)} color-instance= ve > 
  at <GlAtomsBirds> 
  at <GlSceneManagerScene scene-key="elevation" resources= [Object, Object, Object, Object, Object, Object] > 
  at <GlSceneManagerElevation key=0 scene-key="elevation" > 
  at <GlSceneManager> 
  at <App> @ https://explore.ownprimland.com/_nuxt/CqkGMVXE.js:4
[    2867ms] [WARNING] [Vue warn]: Failed to resolve component: TresInstancedMesh
If this is a native custom element, make sure to exclude it from component resolution via compilerOptions.isCustomElement. 
  at <GlAtomsBirdsBird key= {i: 3} data= {path: birds-1, duration: 120, initialShift: 90, modelShift: Array(3), shiftPositions: Array(5)} color-instance= ve > 
  at <GlAtomsBirds> 
  at <GlSceneManagerScene scene-key="elevation" resources= [Object, Object, Object, Object, Object, Object] > 
  at <GlSceneManagerElevation key=0 scene-key="elevation" > 
  at <GlSceneManager> 
  at <App> @ https://explore.ownprimland.com/_nuxt/CqkGMVXE.js:4
[    2868ms] [WARNING] [Vue warn]: Failed to resolve component: TresPlaneGeometry
If this is a native custom element, make sure to exclude it from component resolution via compilerOptions.isCustomElement. 
  at <GlAtomsBirdsBird key= {i: 4} data= {path: birds-2, duration: 140, initialShift: 30, modelShift: Array(3), shiftPositions: Array(4)} color-instance= ve > 
  at <GlAtomsBirds> 
  at <GlSceneManagerScene scene-key="elevation" resources= [Object, Object, Object, Object, Object, Object] > 
  at <GlSceneManagerElevation key=0 scene-key="elevation" > 
  at <GlSceneManager> 
  at <App> @ https://explore.ownprimland.com/_nuxt/CqkGMVXE.js:4
[    2868ms] [WARNING] [Vue warn]: Failed to resolve component: TresShaderMaterial
If this is a native custom element, make sure to exclude it from component resolution via compilerOptions.isCustomElement. 
  at <GlAtomsBirdsBird key= {i: 4} data= {path: birds-2, duration: 140, initialShift: 30, modelShift: Array(3), shiftPositions: Array(4)} color-instance= ve > 
  at <GlAtomsBirds> 
  at <GlSceneManagerScene scene-key="elevation" resources= [Object, Object, Object, Object, Object, Object] > 
  at <GlSceneManagerElevation key=0 scene-key="elevation" > 
  at <GlSceneManager> 
  at <App> @ https://explore.ownprimland.com/_nuxt/CqkGMVXE.js:4
[    2868ms] [WARNING] [Vue warn]: Failed to resolve component: TresInstancedMesh
If this is a native custom element, make sure to exclude it from component resolution via compilerOptions.isCustomElement. 
  at <GlAtomsBirdsBird key= {i: 4} data= {path: birds-2, duration: 140, initialShift: 30, modelShift: Array(3), shiftPositions: Array(4)} color-instance= ve > 
  at <GlAtomsBirds> 
  at <GlSceneManagerScene scene-key="elevation" resources= [Object, Object, Object, Object, Object, Object] > 
  at <GlSceneManagerElevation key=0 scene-key="elevation" > 
  at <GlSceneManager> 
  at <App> @ https://explore.ownprimland.com/_nuxt/CqkGMVXE.js:4
[    2868ms] [WARNING] [Vue warn]: Failed to resolve component: TresPlaneGeometry
If this is a native custom element, make sure to exclude it from component resolution via compilerOptions.isCustomElement. 
  at <GlAtomsBirdsBird key= {i: 5} data= {path: birds-2, duration: 140, initialShift: 50, modelShift: Array(3), shiftPositions: Array(4)} color-instance= ve > 
  at <GlAtomsBirds> 
  at <GlSceneManagerScene scene-key="elevation" resources= [Object, Object, Object, Object, Object, Object] > 
  at <GlSceneManagerElevation key=0 scene-key="elevation" > 
  at <GlSceneManager> 
  at <App> @ https://explore.ownprimland.com/_nuxt/CqkGMVXE.js:4
[    2868ms] [WARNING] [Vue warn]: Failed to resolve component: TresShaderMaterial
If this is a native custom element, make sure to exclude it from component resolution via compilerOptions.isCustomElement. 
  at <GlAtomsBirdsBird key= {i: 5} data= {path: birds-2, duration: 140, initialShift: 50, modelShift: Array(3), shiftPositions: Array(4)} color-instance= ve > 
  at <GlAtomsBirds> 
  at <GlSceneManagerScene scene-key="elevation" resources= [Object, Object, Object, Object, Object, Object] > 
  at <GlSceneManagerElevation key=0 scene-key="elevation" > 
  at <GlSceneManager> 
  at <App> @ https://explore.ownprimland.com/_nuxt/CqkGMVXE.js:4
[    2868ms] [WARNING] [Vue warn]: Failed to resolve component: TresInstancedMesh
If this is a native custom element, make sure to exclude it from component resolution via compilerOptions.isCustomElement. 
  at <GlAtomsBirdsBird key= {i: 5} data= {path: birds-2, duration: 140, initialShift: 50, modelShift: Array(3), shiftPositions: Array(4)} color-instance= ve > 
  at <GlAtomsBirds> 
  at <GlSceneManagerScene scene-key="elevation" resources= [Object, Object, Object, Object, Object, Object] > 
  at <GlSceneManagerElevation key=0 scene-key="elevation" > 
  at <GlSceneManager> 
  at <App> @ https://explore.ownprimland.com/_nuxt/CqkGMVXE.js:4
[    2869ms] [WARNING] [Vue warn]: Failed to resolve component: TresPlaneGeometry
If this is a native custom element, make sure to exclude it from component resolution via compilerOptions.isCustomElement. 
  at <GlAtomsBirdsBird key= {i: 6} data= {path: birds-2, duration: 140, initialShift: 80, modelShift: Array(3), shiftPositions: Array(4)} color-instance= ve > 
  at <GlAtomsBirds> 
  at <GlSceneManagerScene scene-key="elevation" resources= [Object, Object, Object, Object, Object, Object] > 
  at <GlSceneManagerElevation key=0 scene-key="elevation" > 
  at <GlSceneManager> 
  at <App> @ https://explore.ownprimland.com/_nuxt/CqkGMVXE.js:4
[    2869ms] [WARNING] [Vue warn]: Failed to resolve component: TresShaderMaterial
If this is a native custom element, make sure to exclude it from component resolution via compilerOptions.isCustomElement. 
  at <GlAtomsBirdsBird key= {i: 6} data= {path: birds-2, duration: 140, initialShift: 80, modelShift: Array(3), shiftPositions: Array(4)} color-instance= ve > 
  at <GlAtomsBirds> 
  at <GlSceneManagerScene scene-key="elevation" resources= [Object, Object, Object, Object, Object, Object] > 
  at <GlSceneManagerElevation key=0 scene-key="elevation" > 
  at <GlSceneManager> 
  at <App> @ https://explore.ownprimland.com/_nuxt/CqkGMVXE.js:4
[    2869ms] [WARNING] [Vue warn]: Failed to resolve component: TresInstancedMesh
If this is a native custom element, make sure to exclude it from component resolution via compilerOptions.isCustomElement. 
  at <GlAtomsBirdsBird key= {i: 6} data= {path: birds-2, duration: 140, initialShift: 80, modelShift: Array(3), shiftPositions: Array(4)} color-instance= ve > 
  at <GlAtomsBirds> 
  at <GlSceneManagerScene scene-key="elevation" resources= [Object, Object, Object, Object, Object, Object] > 
  at <GlSceneManagerElevation key=0 scene-key="elevation" > 
  at <GlSceneManager> 
  at <App> @ https://explore.ownprimland.com/_nuxt/CqkGMVXE.js:4
[    2869ms] [WARNING] [Vue warn]: Failed to resolve component: TresPlaneGeometry
If this is a native custom element, make sure to exclude it from component resolution via compilerOptions.isCustomElement. 
  at <GlAtomsBirdsBird key= {i: 7} data= {path: birds-2, duration: 140, initialShift: 110, modelShift: Array(3), shiftPositions: Array(5)} color-instance= ve > 
  at <GlAtomsBirds> 
  at <GlSceneManagerScene scene-key="elevation" resources= [Object, Object, Object, Object, Object, Object] > 
  at <GlSceneManagerElevation key=0 scene-key="elevation" > 
  at <GlSceneManager> 
  at <App> @ https://explore.ownprimland.com/_nuxt/CqkGMVXE.js:4
[    2869ms] [WARNING] [Vue warn]: Failed to resolve component: TresShaderMaterial
If this is a native custom element, make sure to exclude it from component resolution via compilerOptions.isCustomElement. 
  at <GlAtomsBirdsBird key= {i: 7} data= {path: birds-2, duration: 140, initialShift: 110, modelShift: Array(3), shiftPositions: Array(5)} color-instance= ve > 
  at <GlAtomsBirds> 
  at <GlSceneManagerScene scene-key="elevation" resources= [Object, Object, Object, Object, Object, Object] > 
  at <GlSceneManagerElevation key=0 scene-key="elevation" > 
  at <GlSceneManager> 
  at <App> @ https://explore.ownprimland.com/_nuxt/CqkGMVXE.js:4
[    2869ms] [WARNING] [Vue warn]: Failed to resolve component: TresInstancedMesh
If this is a native custom element, make sure to exclude it from component resolution via compilerOptions.isCustomElement. 
  at <GlAtomsBirdsBird key= {i: 7} data= {path: birds-2, duration: 140, initialShift: 110, modelShift: Array(3), shiftPositions: Array(5)} color-instance= ve > 
  at <GlAtomsBirds> 
  at <GlSceneManagerScene scene-key="elevation" resources= [Object, Object, Object, Object, Object, Object] > 
  at <GlSceneManagerElevation key=0 scene-key="elevation" > 
  at <GlSceneManager> 
  at <App> @ https://explore.ownprimland.com/_nuxt/CqkGMVXE.js:4
[    2870ms] [WARNING] [Vue warn]: Failed to resolve component: TresPlaneGeometry
If this is a native custom element, make sure to exclude it from component resolution via compilerOptions.isCustomElement. 
  at <GlAtomsBirdsBird key= {i: 8} data= {path: birds-3, duration: 110, initialShift: 20, modelShift: Array(3), shiftPositions: Array(4)} color-instance= ve > 
  at <GlAtomsBirds> 
  at <GlSceneManagerScene scene-key="elevation" resources= [Object, Object, Object, Object, Object, Object] > 
  at <GlSceneManagerElevation key=0 scene-key="elevation" > 
  at <GlSceneManager> 
  at <App> @ https://explore.ownprimland.com/_nuxt/CqkGMVXE.js:4
[    2870ms] [WARNING] [Vue warn]: Failed to resolve component: TresShaderMaterial
If this is a native custom element, make sure to exclude it from component resolution via compilerOptions.isCustomElement. 
  at <GlAtomsBirdsBird key= {i: 8} data= {path: birds-3, duration: 110, initialShift: 20, modelShift: Array(3), shiftPositions: Array(4)} color-instance= ve > 
  at <GlAtomsBirds> 
  at <GlSceneManagerScene scene-key="elevation" resources= [Object, Object, Object, Object, Object, Object] > 
  at <GlSceneManagerElevation key=0 scene-key="elevation" > 
  at <GlSceneManager> 
  at <App> @ https://explore.ownprimland.com/_nuxt/CqkGMVXE.js:4
[    2870ms] [WARNING] [Vue warn]: Failed to resolve component: TresInstancedMesh
If this is a native custom element, make sure to exclude it from component resolution via compilerOptions.isCustomElement. 
  at <GlAtomsBirdsBird key= {i: 8} data= {path: birds-3, duration: 110, initialShift: 20, modelShift: Array(3), shiftPositions: Array(4)} color-instance= ve > 
  at <GlAtomsBirds> 
  at <GlSceneManagerScene scene-key="elevation" resources= [Object, Object, Object, Object, Object, Object] > 
  at <GlSceneManagerElevation key=0 scene-key="elevation" > 
  at <GlSceneManager> 
  at <App> @ https://explore.ownprimland.com/_nuxt/CqkGMVXE.js:4
[    2870ms] [WARNING] [Vue warn]: Failed to resolve component: TresPlaneGeometry
If this is a native custom element, make sure to exclude it from component resolution via compilerOptions.isCustomElement. 
  at <GlAtomsBirdsBird key= {i: 9} data= {path: birds-3, duration: 110, initialShift: 55, modelShift: Array(3), shiftPositions: Array(5)} color-instance= ve > 
  at <GlAtomsBirds> 
  at <GlSceneManagerScene scene-key="elevation" resources= [Object, Object, Object, Object, Object, Object] > 
  at <GlSceneManagerElevation key=0 scene-key="elevation" > 
  at <GlSceneManager> 
  at <App> @ https://explore.ownprimland.com/_nuxt/CqkGMVXE.js:4
[    2870ms] [WARNING] [Vue warn]: Failed to resolve component: TresShaderMaterial
If this is a native custom element, make sure to exclude it from component resolution via compilerOptions.isCustomElement. 
  at <GlAtomsBirdsBird key= {i: 9} data= {path: birds-3, duration: 110, initialShift: 55, modelShift: Array(3), shiftPositions: Array(5)} color-instance= ve > 
  at <GlAtomsBirds> 
  at <GlSceneManagerScene scene-key="elevation" resources= [Object, Object, Object, Object, Object, Object] > 
  at <GlSceneManagerElevation key=0 scene-key="elevation" > 
  at <GlSceneManager> 
  at <App> @ https://explore.ownprimland.com/_nuxt/CqkGMVXE.js:4
[    2870ms] [WARNING] [Vue warn]: Failed to resolve component: TresInstancedMesh
If this is a native custom element, make sure to exclude it from component resolution via compilerOptions.isCustomElement. 
  at <GlAtomsBirdsBird key= {i: 9} data= {path: birds-3, duration: 110, initialShift: 55, modelShift: Array(3), shiftPositions: Array(5)} color-instance= ve > 
  at <GlAtomsBirds> 
  at <GlSceneManagerScene scene-key="elevation" resources= [Object, Object, Object, Object, Object, Object] > 
  at <GlSceneManagerElevation key=0 scene-key="elevation" > 
  at <GlSceneManager> 
  at <App> @ https://explore.ownprimland.com/_nuxt/CqkGMVXE.js:4
[    2871ms] [WARNING] [Vue warn]: Failed to resolve component: TresPlaneGeometry
If this is a native custom element, make sure to exclude it from component resolution via compilerOptions.isCustomElement. 
  at <GlAtomsBirdsBird key= {i: 10} data= {path: birds-3, duration: 110, initialShift: 85, modelShift: Array(3), shiftPositions: Array(4)} color-instance= ve > 
  at <GlAtomsBirds> 
  at <GlSceneManagerScene scene-key="elevation" resources= [Object, Object, Object, Object, Object, Object] > 
  at <GlSceneManagerElevation key=0 scene-key="elevation" > 
  at <GlSceneManager> 
  at <App> @ https://explore.ownprimland.com/_nuxt/CqkGMVXE.js:4
[    2871ms] [WARNING] [Vue warn]: Failed to resolve component: TresShaderMaterial
If this is a native custom element, make sure to exclude it from component resolution via compilerOptions.isCustomElement. 
  at <GlAtomsBirdsBird key= {i: 10} data= {path: birds-3, duration: 110, initialShift: 85, modelShift: Array(3), shiftPositions: Array(4)} color-instance= ve > 
  at <GlAtomsBirds> 
  at <GlSceneManagerScene scene-key="elevation" resources= [Object, Object, Object, Object, Object, Object] > 
  at <GlSceneManagerElevation key=0 scene-key="elevation" > 
  at <GlSceneManager> 
  at <App> @ https://explore.ownprimland.com/_nuxt/CqkGMVXE.js:4
[    2871ms] [WARNING] [Vue warn]: Failed to resolve component: TresInstancedMesh
If this is a native custom element, make sure to exclude it from component resolution via compilerOptions.isCustomElement. 
  at <GlAtomsBirdsBird key= {i: 10} data= {path: birds-3, duration: 110, initialShift: 85, modelShift: Array(3), shiftPositions: Array(4)} color-instance= ve > 
  at <GlAtomsBirds> 
  at <GlSceneManagerScene scene-key="elevation" resources= [Object, Object, Object, Object, Object, Object] > 
  at <GlSceneManagerElevation key=0 scene-key="elevation" > 
  at <GlSceneManager> 
  at <App> @ https://explore.ownprimland.com/_nuxt/CqkGMVXE.js:4
[    2871ms] [WARNING] [Vue warn]: Failed to resolve component: TresPlaneGeometry
If this is a native custom element, make sure to exclude it from component resolution via compilerOptions.isCustomElement. 
  at <GlAtomsBirdsBird key= {i: 11} data= {path: birds-3, duration: 110, initialShift: 105, modelShift: Array(3), shiftPositions: Array(5)} color-instance= ve > 
  at <GlAtomsBirds> 
  at <GlSceneManagerScene scene-key="elevation" resources= [Object, Object, Object, Object, Object, Object] > 
  at <GlSceneManagerElevation key=0 scene-key="elevation" > 
  at <GlSceneManager> 
  at <App> @ https://explore.ownprimland.com/_nuxt/CqkGMVXE.js:4
[    2871ms] [WARNING] [Vue warn]: Failed to resolve component: TresShaderMaterial
If this is a native custom element, make sure to exclude it from component resolution via compilerOptions.isCustomElement. 
  at <GlAtomsBirdsBird key= {i: 11} data= {path: birds-3, duration: 110, initialShift: 105, modelShift: Array(3), shiftPositions: Array(5)} color-instance= ve > 
  at <GlAtomsBirds> 
  at <GlSceneManagerScene scene-key="elevation" resources= [Object, Object, Object, Object, Object, Object] > 
  at <GlSceneManagerElevation key=0 scene-key="elevation" > 
  at <GlSceneManager> 
  at <App> @ https://explore.ownprimland.com/_nuxt/CqkGMVXE.js:4
[    2871ms] [WARNING] [Vue warn]: Failed to resolve component: TresInstancedMesh
If this is a native custom element, make sure to exclude it from component resolution via compilerOptions.isCustomElement. 
  at <GlAtomsBirdsBird key= {i: 11} data= {path: birds-3, duration: 110, initialShift: 105, modelShift: Array(3), shiftPositions: Array(5)} color-instance= ve > 
  at <GlAtomsBirds> 
  at <GlSceneManagerScene scene-key="elevation" resources= [Object, Object, Object, Object, Object, Object] > 
  at <GlSceneManagerElevation key=0 scene-key="elevation" > 
  at <GlSceneManager> 
  at <App> @ https://explore.ownprimland.com/_nuxt/CqkGMVXE.js:4
[    2872ms] [WARNING] [Vue warn]: Failed to resolve component: TresPlaneGeometry
If this is a native custom element, make sure to exclude it from component resolution via compilerOptions.isCustomElement. 
  at <GlAtomsBirdsBird key= {i: 12} data= {path: birds-4, duration: 130, initialShift: 30, modelShift: Array(3), shiftPositions: Array(5)} color-instance= ve > 
  at <GlAtomsBirds> 
  at <GlSceneManagerScene scene-key="elevation" resources= [Object, Object, Object, Object, Object, Object] > 
  at <GlSceneManagerElevation key=0 scene-key="elevation" > 
  at <GlSceneManager> 
  at <App> @ https://explore.ownprimland.com/_nuxt/CqkGMVXE.js:4
[    2872ms] [WARNING] [Vue warn]: Failed to resolve component: TresShaderMaterial
If this is a native custom element, make sure to exclude it from component resolution via compilerOptions.isCustomElement. 
  at <GlAtomsBirdsBird key= {i: 12} data= {path: birds-4, duration: 130, initialShift: 30, modelShift: Array(3), shiftPositions: Array(5)} color-instance= ve > 
  at <GlAtomsBirds> 
  at <GlSceneManagerScene scene-key="elevation" resources= [Object, Object, Object, Object, Object, Object] > 
  at <GlSceneManagerElevation key=0 scene-key="elevation" > 
  at <GlSceneManager> 
  at <App> @ https://explore.ownprimland.com/_nuxt/CqkGMVXE.js:4
[    2872ms] [WARNING] [Vue warn]: Failed to resolve component: TresInstancedMesh
If this is a native custom element, make sure to exclude it from component resolution via compilerOptions.isCustomElement. 
  at <GlAtomsBirdsBird key= {i: 12} data= {path: birds-4, duration: 130, initialShift: 30, modelShift: Array(3), shiftPositions: Array(5)} color-instance= ve > 
  at <GlAtomsBirds> 
  at <GlSceneManagerScene scene-key="elevation" resources= [Object, Object, Object, Object, Object, Object] > 
  at <GlSceneManagerElevation key=0 scene-key="elevation" > 
  at <GlSceneManager> 
  at <App> @ https://explore.ownprimland.com/_nuxt/CqkGMVXE.js:4
[    2872ms] [WARNING] [Vue warn]: Failed to resolve component: TresPlaneGeometry
If this is a native custom element, make sure to exclude it from component resolution via compilerOptions.isCustomElement. 
  at <GlAtomsBirdsBird key= {i: 13} data= {path: birds-4, duration: 130, initialShift: 60, modelShift: Array(3), shiftPositions: Array(4)} color-instance= ve > 
  at <GlAtomsBirds> 
  at <GlSceneManagerScene scene-key="elevation" resources= [Object, Object, Object, Object, Object, Object] > 
  at <GlSceneManagerElevation key=0 scene-key="elevation" > 
  at <GlSceneManager> 
  at <App> @ https://explore.ownprimland.com/_nuxt/CqkGMVXE.js:4
[    2872ms] [WARNING] [Vue warn]: Failed to resolve component: TresShaderMaterial
If this is a native custom element, make sure to exclude it from component resolution via compilerOptions.isCustomElement. 
  at <GlAtomsBirdsBird key= {i: 13} data= {path: birds-4, duration: 130, initialShift: 60, modelShift: Array(3), shiftPositions: Array(4)} color-instance= ve > 
  at <GlAtomsBirds> 
  at <GlSceneManagerScene scene-key="elevation" resources= [Object, Object, Object, Object, Object, Object] > 
  at <GlSceneManagerElevation key=0 scene-key="elevation" > 
  at <GlSceneManager> 
  at <App> @ https://explore.ownprimland.com/_nuxt/CqkGMVXE.js:4
[    2872ms] [WARNING] [Vue warn]: Failed to resolve component: TresInstancedMesh
If this is a native custom element, make sure to exclude it from component resolution via compilerOptions.isCustomElement. 
  at <GlAtomsBirdsBird key= {i: 13} data= {path: birds-4, duration: 130, initialShift: 60, modelShift: Array(3), shiftPositions: Array(4)} color-instance= ve > 
  at <GlAtomsBirds> 
  at <GlSceneManagerScene scene-key="elevation" resources= [Object, Object, Object, Object, Object, Object] > 
  at <GlSceneManagerElevation key=0 scene-key="elevation" > 
  at <GlSceneManager> 
  at <App> @ https://explore.ownprimland.com/_nuxt/CqkGMVXE.js:4
[    2873ms] [WARNING] [Vue warn]: Failed to resolve component: TresPlaneGeometry
If this is a native custom element, make sure to exclude it from component resolution via compilerOptions.isCustomElement. 
  at <GlAtomsBirdsBird key= {i: 14} data= {path: birds-4, duration: 130, initialShift: 90, modelShift: Array(3), shiftPositions: Array(5)} color-instance= ve > 
  at <GlAtomsBirds> 
  at <GlSceneManagerScene scene-key="elevation" resources= [Object, Object, Object, Object, Object, Object] > 
  at <GlSceneManagerElevation key=0 scene-key="elevation" > 
  at <GlSceneManager> 
  at <App> @ https://explore.ownprimland.com/_nuxt/CqkGMVXE.js:4
[    2873ms] [WARNING] [Vue warn]: Failed to resolve component: TresShaderMaterial
If this is a native custom element, make sure to exclude it from component resolution via compilerOptions.isCustomElement. 
  at <GlAtomsBirdsBird key= {i: 14} data= {path: birds-4, duration: 130, initialShift: 90, modelShift: Array(3), shiftPositions: Array(5)} color-instance= ve > 
  at <GlAtomsBirds> 
  at <GlSceneManagerScene scene-key="elevation" resources= [Object, Object, Object, Object, Object, Object] > 
  at <GlSceneManagerElevation key=0 scene-key="elevation" > 
  at <GlSceneManager> 
  at <App> @ https://explore.ownprimland.com/_nuxt/CqkGMVXE.js:4
[    2873ms] [WARNING] [Vue warn]: Failed to resolve component: TresInstancedMesh
If this is a native custom element, make sure to exclude it from component resolution via compilerOptions.isCustomElement. 
  at <GlAtomsBirdsBird key= {i: 14} data= {path: birds-4, duration: 130, initialShift: 90, modelShift: Array(3), shiftPositions: Array(5)} color-instance= ve > 
  at <GlAtomsBirds> 
  at <GlSceneManagerScene scene-key="elevation" resources= [Object, Object, Object, Object, Object, Object] > 
  at <GlSceneManagerElevation key=0 scene-key="elevation" > 
  at <GlSceneManager> 
  at <App> @ https://explore.ownprimland.com/_nuxt/CqkGMVXE.js:4
[    2873ms] [WARNING] [Vue warn]: Failed to resolve component: TresPlaneGeometry
If this is a native custom element, make sure to exclude it from component resolution via compilerOptions.isCustomElement. 
  at <GlAtomsBirdsBird key= {i: 15} data= {path: birds-4, duration: 130, initialShift: 110, modelShift: Array(3), shiftPositions: Array(5)} color-instance= ve > 
  at <GlAtomsBirds> 
  at <GlSceneManagerScene scene-key="elevation" resources= [Object, Object, Object, Object, Object, Object] > 
  at <GlSceneManagerElevation key=0 scene-key="elevation" > 
  at <GlSceneManager> 
  at <App> @ https://explore.ownprimland.com/_nuxt/CqkGMVXE.js:4
[    2873ms] [WARNING] [Vue warn]: Failed to resolve component: TresShaderMaterial
If this is a native custom element, make sure to exclude it from component resolution via compilerOptions.isCustomElement. 
  at <GlAtomsBirdsBird key= {i: 15} data= {path: birds-4, duration: 130, initialShift: 110, modelShift: Array(3), shiftPositions: Array(5)} color-instance= ve > 
  at <GlAtomsBirds> 
  at <GlSceneManagerScene scene-key="elevation" resources= [Object, Object, Object, Object, Object, Object] > 
  at <GlSceneManagerElevation key=0 scene-key="elevation" > 
  at <GlSceneManager> 
  at <App> @ https://explore.ownprimland.com/_nuxt/CqkGMVXE.js:4
[    2873ms] [WARNING] [Vue warn]: Failed to resolve component: TresInstancedMesh
If this is a native custom element, make sure to exclude it from component resolution via compilerOptions.isCustomElement. 
  at <GlAtomsBirdsBird key= {i: 15} data= {path: birds-4, duration: 130, initialShift: 110, modelShift: Array(3), shiftPositions: Array(5)} color-instance= ve > 
  at <GlAtomsBirds> 
  at <GlSceneManagerScene scene-key="elevation" resources= [Object, Object, Object, Object, Object, Object] > 
  at <GlSceneManagerElevation key=0 scene-key="elevation" > 
  at <GlSceneManager> 
  at <App> @ https://explore.ownprimland.com/_nuxt/CqkGMVXE.js:4
[    2874ms] [WARNING] [Vue warn]: Failed to resolve component: TresAmbientLight
If this is a native custom element, make sure to exclude it from component resolution via compilerOptions.isCustomElement. 
  at <GlAtomsLights> 
  at <GlSceneManagerScene scene-key="elevation" resources= [Object, Object, Object, Object, Object, Object] > 
  at <GlSceneManagerElevation key=0 scene-key="elevation" > 
  at <GlSceneManager> 
  at <App> @ https://explore.ownprimland.com/_nuxt/CqkGMVXE.js:4
[    2874ms] [WARNING] [Vue warn]: Failed to resolve component: TresDirectionalLight
If this is a native custom element, make sure to exclude it from component resolution via compilerOptions.isCustomElement. 
  at <GlAtomsLights> 
  at <GlSceneManagerScene scene-key="elevation" resources= [Object, Object, Object, Object, Object, Object] > 
  at <GlSceneManagerElevation key=0 scene-key="elevation" > 
  at <GlSceneManager> 
  at <App> @ https://explore.ownprimland.com/_nuxt/CqkGMVXE.js:4
[    2874ms] [WARNING] [Vue warn]: Failed to resolve component: TresGroup
If this is a native custom element, make sure to exclude it from component resolution via compilerOptions.isCustomElement. 
  at <GlAtomsLights> 
  at <GlSceneManagerScene scene-key="elevation" resources= [Object, Object, Object, Object, Object, Object] > 
  at <GlSceneManagerElevation key=0 scene-key="elevation" > 
  at <GlSceneManager> 
  at <App> @ https://explore.ownprimland.com/_nuxt/CqkGMVXE.js:4
[    2875ms] [WARNING] [Vue warn]: Failed to resolve component: TresPerspectiveCamera
If this is a native custom element, make sure to exclude it from component resolution via compilerOptions.isCustomElement. 
  at <GlAtomsCamera> 
  at <GlSceneManagerScene scene-key="elevation" resources= [Object, Object, Object, Object, Object, Object] > 
  at <GlSceneManagerElevation key=0 scene-key="elevation" > 
  at <GlSceneManager> 
  at <App> @ https://explore.ownprimland.com/_nuxt/CqkGMVXE.js:4
[    2875ms] [WARNING] [Vue warn]: Failed to resolve component: TresSphereGeometry
If this is a native custom element, make sure to exclude it from component resolution via compilerOptions.isCustomElement. 
  at <GlAtomsCamera> 
  at <GlSceneManagerScene scene-key="elevation" resources= [Object, Object, Object, Object, Object, Object] > 
  at <GlSceneManagerElevation key=0 scene-key="elevation" > 
  at <GlSceneManager> 
  at <App> @ https://explore.ownprimland.com/_nuxt/CqkGMVXE.js:4
[    2875ms] [WARNING] [Vue warn]: Failed to resolve component: TresMeshNormalMaterial
If this is a native custom element, make sure to exclude it from component resolution via compilerOptions.isCustomElement. 
  at <GlAtomsCamera> 
  at <GlSceneManagerScene scene-key="elevation" resources= [Object, Object, Object, Object, Object, Object] > 
  at <GlSceneManagerElevation key=0 scene-key="elevation" > 
  at <GlSceneManager> 
  at <App> @ https://explore.ownprimland.com/_nuxt/CqkGMVXE.js:4
[    2875ms] [WARNING] [Vue warn]: Failed to resolve component: TresMesh
If this is a native custom element, make sure to exclude it from component resolution via compilerOptions.isCustomElement. 
  at <GlAtomsCamera> 
  at <GlSceneManagerScene scene-key="elevation" resources= [Object, Object, Object, Object, Object, Object] > 
  at <GlSceneManagerElevation key=0 scene-key="elevation" > 
  at <GlSceneManager> 
  at <App> @ https://explore.ownprimland.com/_nuxt/CqkGMVXE.js:4
[    2875ms] [WARNING] [Vue warn]: Failed to resolve component: TresGroup
If this is a native custom element, make sure to exclude it from component resolution via compilerOptions.isCustomElement. 
  at <GlAtomsCamera> 
  at <GlSceneManagerScene scene-key="elevation" resources= [Object, Object, Object, Object, Object, Object] > 
  at <GlSceneManagerElevation key=0 scene-key="elevation" > 
  at <GlSceneManager> 
  at <App> @ https://explore.ownprimland.com/_nuxt/CqkGMVXE.js:4
[    2880ms] [LOG] %c[APP STATE]: loaded %c background: #c47002; color: white; padding: 6px 4px;  @ https://explore.ownprimland.com/_nuxt/ELO5HF0P.js:3831
[    2881ms] [LOG] %c[APP STATE]: opening %c background: #c47002; color: white; padding: 6px 4px;  @ https://explore.ownprimland.com/_nuxt/ELO5HF0P.js:3831
[    3905ms] [LOG] DEFERRED || LOADED:[texture][cloud-noise]:CACHED @ https://explore.ownprimland.com/_nuxt/C207zM6W.js:48
[    3905ms] [LOG] DEFERRED || LOADED:[texture][clouds]:CACHED @ https://explore.ownprimland.com/_nuxt/C207zM6W.js:48
[    3906ms] [LOG] DEFERRED || LOADED:[texture][turbolence]:CACHED @ https://explore.ownprimland.com/_nuxt/C207zM6W.js:48
[    3906ms] [LOG] DEFERRED || LOADED:[gltf][bird]:CACHED @ https://explore.ownprimland.com/_nuxt/C207zM6W.js:48
[    4064ms] [LOG] DEFERRED || LOADED:[texture][fern-fall] @ https://explore.ownprimland.com/_nuxt/C207zM6W.js:48
[    4065ms] [LOG] DEFERRED || LOADED:[texture][treeC-fall] @ https://explore.ownprimland.com/_nuxt/C207zM6W.js:48
[    4065ms] [LOG] DEFERRED || LOADED:[texture][treeA-fall] @ https://explore.ownprimland.com/_nuxt/C207zM6W.js:48
[    4065ms] [LOG] DEFERRED || LOADED:[texture][treeB-fall] @ https://explore.ownprimland.com/_nuxt/C207zM6W.js:48
[    4071ms] [LOG] DEFERRED || LOADED:[texture][rhododendron-fall] @ https://explore.ownprimland.com/_nuxt/C207zM6W.js:48
[    4533ms] [LOG] DEFERRED || LOADED:[texture][elevation-fall-diffuse] @ https://explore.ownprimland.com/_nuxt/C207zM6W.js:48
[   77371ms] [LOG] [GESTURE]:onPointerEnter:Moonshine Tales @ https://explore.ownprimland.com/_nuxt/C207zM6W.js:908
[   77387ms] [LOG] [GESTURE]:onPointerLeave:Moonshine Tales @ https://explore.ownprimland.com/_nuxt/C207zM6W.js:908
[   79803ms] [LOG] %c[APP STATE]: opening=>experience %c background: #c47002; color: white; padding: 6px 4px;  @ https://explore.ownprimland.com/_nuxt/ELO5HF0P.js:3831
[   82454ms] [LOG] %c[APP STATE]: experience %c background: #c47002; color: white; padding: 6px 4px;  @ https://explore.ownprimland.com/_nuxt/ELO5HF0P.js:3831
[   88504ms] [LOG] [GESTURE]:onPointerEnter:Shooting @ https://explore.ownprimland.com/_nuxt/C207zM6W.js:908
[   88520ms] [LOG] [GESTURE]:onPointerLeave:Shooting @ https://explore.ownprimland.com/_nuxt/C207zM6W.js:908
[   92843ms] [WARNING] [.WebGL-0x104004aea00] GL_INVALID_ENUM: glTexParameteri: Texture filter not recognized. @ https://explore.ownprimland.com/:0
[  116255ms] [LOG] [GESTURE]:onPointerEnter:Pool & Fitness @ https://explore.ownprimland.com/_nuxt/C207zM6W.js:908
[  116287ms] [LOG] [GESTURE]:onPointerLeave:Pool & Fitness @ https://explore.ownprimland.com/_nuxt/C207zM6W.js:908
[  117738ms] [LOG] [GESTURE]:onPointerEnter:Pinnacle Cottages @ https://explore.ownprimland.com/_nuxt/C207zM6W.js:908
[  118166ms] [LOG] [GESTURE]:click:Pinnacle Cottages @ https://explore.ownprimland.com/_nuxt/C207zM6W.js:908
[  118754ms] [LOG] [GESTURE]:onPointerLeave:Pinnacle Cottages @ https://explore.ownprimland.com/_nuxt/C207zM6W.js:908
[ 4076870ms] [WARNING] [.WebGL-0x104004aea00] GL_INVALID_ENUM: glTexParameteri: Texture filter not recognized. @ https://explore.ownprimland.com/:0
